2023-07-17 10:05:19.627 [info] [perf] Render performance baseline is 37ms
2023-07-17 10:18:27.567 [error] file:///Users/Einpunk%20Community/Documents/Brownie/brownie_gamex_vault/web3-auth/.nvm does not exist and can not be deleted: Error: file:///Users/Einpunk%20Community/Documents/Brownie/brownie_gamex_vault/web3-auth/.nvm does not exist and can not be deleted
    at d.perform (vscode-file://vscode-app/Applications/Visual%20Studio%20Code.app/Contents/Resources/app/out/vs/workbench/workbench.desktop.main.js:2312:18541)
    at async c.a (vscode-file://vscode-app/Applications/Visual%20Studio%20Code.app/Contents/Resources/app/out/vs/workbench/workbench.desktop.main.js:2312:19523)
    at async c.undo (vscode-file://vscode-app/Applications/Visual%20Studio%20Code.app/Contents/Resources/app/out/vs/workbench/workbench.desktop.main.js:2312:19420)
2023-07-17 11:31:02.282 [error] Error: Error while encrypting the text provided to safeStorage.encryptString. Encryption is not available.
    at e.$I2b.encrypt (/Applications/Visual Studio Code.app/Contents/Resources/app/out/vs/code/electron-main/main.js:42:11086)
    at Object.call (/Applications/Visual Studio Code.app/Contents/Resources/app/out/vs/code/electron-main/main.js:25:4844)
    at R.s (/Applications/Visual Studio Code.app/Contents/Resources/app/out/vs/code/electron-main/main.js:23:5128)
    at R.q (/Applications/Visual Studio Code.app/Contents/Resources/app/out/vs/code/electron-main/main.js:23:4644)
    at o.value (/Applications/Visual Studio Code.app/Contents/Resources/app/out/vs/code/electron-main/main.js:23:4051)
    at v.w (/Applications/Visual Studio Code.app/Contents/Resources/app/out/vs/code/electron-main/main.js:18:1906)
    at v.x (/Applications/Visual Studio Code.app/Contents/Resources/app/out/vs/code/electron-main/main.js:18:1976)
    at v.fire (/Applications/Visual Studio Code.app/Contents/Resources/app/out/vs/code/electron-main/main.js:18:2192)
    at o.value (/Applications/Visual Studio Code.app/Contents/Resources/app/out/vs/code/electron-main/main.js:16:38645)
    at v.w (/Applications/Visual Studio Code.app/Contents/Resources/app/out/vs/code/electron-main/main.js:18:1906)
    at v.fire (/Applications/Visual Studio Code.app/Contents/Resources/app/out/vs/code/electron-main/main.js:18:2123)
    at o.value (/Applications/Visual Studio Code.app/Contents/Resources/app/out/vs/code/electron-main/main.js:16:38839)
    at v.w (/Applications/Visual Studio Code.app/Contents/Resources/app/out/vs/code/electron-main/main.js:18:1906)
    at v.fire (/Applications/Visual Studio Code.app/Contents/Resources/app/out/vs/code/electron-main/main.js:18:2123)
    at se (/Applications/Visual Studio Code.app/Contents/Resources/app/out/vs/code/electron-main/main.js:16:40982)
    at IpcMainImpl.f (/Applications/Visual Studio Code.app/Contents/Resources/app/out/vs/code/electron-main/main.js:19:96301)
    at IpcMainImpl.emit (node:events:513:28)
    at EventEmitter.<anonymous> (node:electron/js2c/browser_init:2:80979)
    at EventEmitter.emit (node:events:513:28)
2023-07-17 11:40:05.064 [error] Error: XHR failed
    at y.onerror (vscode-file://vscode-app/Applications/Visual%20Studio%20Code.app/Contents/Resources/app/out/vs/workbench/workbench.desktop.main.js:77:1261)
2023-07-17 11:40:05.069 [error] Error: XHR failed
    at y.onerror (vscode-file://vscode-app/Applications/Visual%20Studio%20Code.app/Contents/Resources/app/out/vs/workbench/workbench.desktop.main.js:77:1261)
2023-07-17 13:31:31.095 [error] Error: XHR failed
    at y.onerror (vscode-file://vscode-app/Applications/Visual%20Studio%20Code.app/Contents/Resources/app/out/vs/workbench/workbench.desktop.main.js:77:1261)
2023-07-17 13:31:31.097 [error] Error: XHR failed
    at y.onerror (vscode-file://vscode-app/Applications/Visual%20Studio%20Code.app/Contents/Resources/app/out/vs/workbench/workbench.desktop.main.js:77:1261)
2023-07-17 13:31:31.098 [error] Error: XHR failed
    at y.onerror (vscode-file://vscode-app/Applications/Visual%20Studio%20Code.app/Contents/Resources/app/out/vs/workbench/workbench.desktop.main.js:77:1261)
2023-07-17 13:33:35.428 [error] Download: net::ERR_CONNECTION_RESET
    at $t.download (/Applications/Visual Studio Code.app/Contents/Resources/app/out/vs/code/node/sharedProcess/sharedProcessMain.js:86:135269)
    at async G.y (/Applications/Visual Studio Code.app/Contents/Resources/app/out/vs/code/node/sharedProcess/sharedProcessMain.js:87:19783)
    at async G.h (/Applications/Visual Studio Code.app/Contents/Resources/app/out/vs/code/node/sharedProcess/sharedProcessMain.js:87:17877)
2023-07-17 13:33:35.448 [error] net::ERR_CONNECTION_RESET: Download: net::ERR_CONNECTION_RESET
    at $t.download (/Applications/Visual Studio Code.app/Contents/Resources/app/out/vs/code/node/sharedProcess/sharedProcessMain.js:86:135269)
    at async G.y (/Applications/Visual Studio Code.app/Contents/Resources/app/out/vs/code/node/sharedProcess/sharedProcessMain.js:87:19783)
    at async G.h (/Applications/Visual Studio Code.app/Contents/Resources/app/out/vs/code/node/sharedProcess/sharedProcessMain.js:87:17877)
2023-07-17 14:52:41.790 [error] Download: net::ERR_HTTP2_PING_FAILED
    at $t.download (/Applications/Visual Studio Code.app/Contents/Resources/app/out/vs/code/node/sharedProcess/sharedProcessMain.js:86:135269)
    at async G.y (/Applications/Visual Studio Code.app/Contents/Resources/app/out/vs/code/node/sharedProcess/sharedProcessMain.js:87:19783)
    at async G.h (/Applications/Visual Studio Code.app/Contents/Resources/app/out/vs/code/node/sharedProcess/sharedProcessMain.js:87:17877)
2023-07-17 14:52:41.794 [error] net::ERR_HTTP2_PING_FAILED: Download: net::ERR_HTTP2_PING_FAILED
    at $t.download (/Applications/Visual Studio Code.app/Contents/Resources/app/out/vs/code/node/sharedProcess/sharedProcessMain.js:86:135269)
    at async G.y (/Applications/Visual Studio Code.app/Contents/Resources/app/out/vs/code/node/sharedProcess/sharedProcessMain.js:87:19783)
    at async G.h (/Applications/Visual Studio Code.app/Contents/Resources/app/out/vs/code/node/sharedProcess/sharedProcessMain.js:87:17877)
2023-07-17 14:55:36.374 [error] Download: net::ERR_CONNECTION_RESET
    at $t.download (/Applications/Visual Studio Code.app/Contents/Resources/app/out/vs/code/node/sharedProcess/sharedProcessMain.js:86:135269)
    at async G.y (/Applications/Visual Studio Code.app/Contents/Resources/app/out/vs/code/node/sharedProcess/sharedProcessMain.js:87:19783)
    at async G.h (/Applications/Visual Studio Code.app/Contents/Resources/app/out/vs/code/node/sharedProcess/sharedProcessMain.js:87:17877)
2023-07-17 14:55:36.377 [error] net::ERR_CONNECTION_RESET: Download: net::ERR_CONNECTION_RESET
    at $t.download (/Applications/Visual Studio Code.app/Contents/Resources/app/out/vs/code/node/sharedProcess/sharedProcessMain.js:86:135269)
    at async G.y (/Applications/Visual Studio Code.app/Contents/Resources/app/out/vs/code/node/sharedProcess/sharedProcessMain.js:87:19783)
    at async G.h (/Applications/Visual Studio Code.app/Contents/Resources/app/out/vs/code/node/sharedProcess/sharedProcessMain.js:87:17877)
2023-07-17 15:21:20.377 [info] Creating lazy extension host: contains 1 new extension(s) (installed or enabled): Cloud-pipelines.pipeline-editor-vscode
