0 verbose cli /usr/local/Cellar/node/20.3.1_1/bin/node /usr/local/bin/npm
1 info using npm@9.8.0
2 info using node@v20.3.1
3 timing npm:load:whichnode Completed in 1ms
4 timing config:load:defaults Completed in 2ms
5 timing config:load:file:/usr/local/lib/node_modules/npm/npmrc Completed in 1ms
6 timing config:load:builtin Completed in 1ms
7 timing config:load:cli Completed in 2ms
8 timing config:load:env Completed in 0ms
9 timing config:load:file:/Users/Einpunk Community/Documents/Brownie/.local/share/flatpak/.npmrc Completed in 0ms
10 timing config:load:project Completed in 1ms
11 timing config:load:file:/Users/Einpunk Community/Documents/Brownie/.npmrc Completed in 0ms
12 timing config:load:user Completed in 1ms
13 timing config:load:file:/usr/local/etc/npmrc Completed in 0ms
14 timing config:load:global Completed in 0ms
15 timing config:load:setEnvs Completed in 0ms
16 timing config:load Completed in 7ms
17 timing npm:load:configload Completed in 8ms
18 timing config:load:flatten Completed in 2ms
19 timing npm:load:mkdirpcache Completed in 3ms
20 timing npm:load:mkdirplogs Completed in 0ms
21 verbose title npm fund
22 verbose argv "fund"
23 timing npm:load:setTitle Completed in 3ms
24 timing npm:load:display Completed in 1ms
25 verbose logfile logs-max:10 dir:/Users/Einpunk Community/Documents/Brownie/.npm/_logs/2023-07-12T20_12_59_542Z-
26 verbose logfile /Users/Einpunk Community/Documents/Brownie/.npm/_logs/2023-07-12T20_12_59_542Z-debug-0.log
27 timing npm:load:logFile Completed in 8ms
28 timing npm:load:timers Completed in 0ms
29 timing npm:load:configScope Completed in 0ms
30 timing npm:load Completed in 39ms
31 timing arborist:ctor Completed in 0ms
32 silly logfile done cleaning log files
33 timing arborist:ctor Completed in 0ms
34 timing command:fund Completed in 32ms
35 verbose exit 0
36 timing npm Completed in 212ms
37 info ok
