0 verbose cli /usr/local/Cellar/node/20.3.1_1/bin/node /usr/local/bin/npm
1 info using npm@9.8.0
2 info using node@v20.3.1
3 timing npm:load:whichnode Completed in 2ms
4 timing config:load:defaults Completed in 2ms
5 timing config:load:file:/usr/local/lib/node_modules/npm/npmrc Completed in 7ms
6 timing config:load:builtin Completed in 7ms
7 timing config:load:cli Completed in 4ms
8 timing config:load:env Completed in 0ms
9 timing config:load:file:/Users/Einpunk Community/Documents/Brownie/.local/share/flatpak/.npmrc Completed in 0ms
10 timing config:load:project Completed in 3ms
11 timing config:load:file:/Users/Einpunk Community/Documents/Brownie/.npmrc Completed in 1ms
12 timing config:load:user Completed in 1ms
13 timing config:load:file:/usr/local/etc/npmrc Completed in 0ms
14 timing config:load:global Completed in 0ms
15 timing config:load:setEnvs Completed in 1ms
16 timing config:load Completed in 18ms
17 timing npm:load:configload Completed in 18ms
18 timing config:load:flatten Completed in 4ms
19 timing npm:load:mkdirpcache Completed in 2ms
20 timing npm:load:mkdirplogs Completed in 0ms
21 verbose title npm install keytar
22 verbose argv "install" "keytar"
23 timing npm:load:setTitle Completed in 5ms
24 timing npm:load:display Completed in 0ms
25 verbose logfile logs-max:10 dir:/Users/Einpunk Community/Documents/Brownie/.npm/_logs/2023-07-12T20_11_27_128Z-
26 verbose logfile /Users/Einpunk Community/Documents/Brownie/.npm/_logs/2023-07-12T20_11_27_128Z-debug-0.log
27 timing npm:load:logFile Completed in 9ms
28 timing npm:load:timers Completed in 0ms
29 timing npm:load:configScope Completed in 0ms
30 timing npm:load Completed in 67ms
31 timing config:load:flatten Completed in 2ms
32 timing arborist:ctor Completed in 2ms
33 timing arborist:ctor Completed in 0ms
34 silly logfile done cleaning log files
35 timing idealTree:init Completed in 17ms
36 timing idealTree:userRequests Completed in 2ms
37 silly idealTree buildDeps
38 silly fetch manifest keytar@*
39 http fetch GET 200 https://registry.npmjs.org/keytar 17937ms (cache miss)
40 silly placeDep ROOT keytar@7.9.0 OK for:  want: *
41 silly fetch manifest node-addon-api@^4.3.0
42 silly fetch manifest prebuild-install@^7.0.1
43 http fetch GET 200 https://registry.npmjs.org/node-addon-api 387ms (cache miss)
44 http fetch GET 200 https://registry.npmjs.org/prebuild-install 4707ms (cache miss)
45 timing idealTree:#root Completed in 22672ms
46 silly placeDep ROOT node-addon-api@4.3.0 OK for: keytar@7.9.0 want: ^4.3.0
47 silly placeDep ROOT prebuild-install@7.1.1 OK for: keytar@7.9.0 want: ^7.0.1
48 silly fetch manifest detect-libc@^2.0.0
49 silly fetch manifest expand-template@^2.0.3
50 silly fetch manifest github-from-package@0.0.0
51 silly fetch manifest minimist@^1.2.3
52 silly fetch manifest mkdirp-classic@^0.5.3
53 silly fetch manifest napi-build-utils@^1.0.1
54 silly fetch manifest node-abi@^3.3.0
55 silly fetch manifest pump@^3.0.0
56 silly fetch manifest rc@^1.2.7
57 silly fetch manifest simple-get@^4.0.0
58 silly fetch manifest tar-fs@^2.0.0
59 silly fetch manifest tunnel-agent@^0.6.0
60 http fetch GET 200 https://registry.npmjs.org/expand-template 474ms (cache miss)
61 http fetch GET 200 https://registry.npmjs.org/detect-libc 522ms (cache miss)
62 http fetch GET 200 https://registry.npmjs.org/github-from-package 3807ms (cache miss)
63 http fetch GET 200 https://registry.npmjs.org/pump 3877ms (cache miss)
64 http fetch GET 200 https://registry.npmjs.org/tunnel-agent 3893ms (cache miss)
65 http fetch GET 200 https://registry.npmjs.org/minimist 4052ms (cache miss)
66 http fetch GET 200 https://registry.npmjs.org/rc 4074ms (cache miss)
67 http fetch GET 200 https://registry.npmjs.org/simple-get 4080ms (cache miss)
68 http fetch GET 200 https://registry.npmjs.org/mkdirp-classic 4253ms (cache miss)
69 http fetch GET 200 https://registry.npmjs.org/napi-build-utils 4742ms (cache miss)
70 http fetch GET 200 https://registry.npmjs.org/tar-fs 5353ms (cache miss)
71 http fetch GET 200 https://registry.npmjs.org/node-abi 6135ms (cache miss)
72 timing idealTree:node_modules/keytar Completed in 6153ms
73 timing idealTree:node_modules/node-addon-api Completed in 0ms
74 silly placeDep ROOT detect-libc@2.0.1 OK for: prebuild-install@7.1.1 want: ^2.0.0
75 silly placeDep ROOT expand-template@2.0.3 OK for: prebuild-install@7.1.1 want: ^2.0.3
76 silly placeDep ROOT github-from-package@0.0.0 OK for: prebuild-install@7.1.1 want: 0.0.0
77 silly placeDep ROOT minimist@1.2.8 OK for: prebuild-install@7.1.1 want: ^1.2.3
78 silly placeDep ROOT mkdirp-classic@0.5.3 OK for: prebuild-install@7.1.1 want: ^0.5.3
79 silly placeDep ROOT napi-build-utils@1.0.2 OK for: prebuild-install@7.1.1 want: ^1.0.1
80 silly placeDep ROOT node-abi@3.45.0 OK for: prebuild-install@7.1.1 want: ^3.3.0
81 silly fetch manifest semver@^7.3.5
82 silly placeDep ROOT pump@3.0.0 OK for: prebuild-install@7.1.1 want: ^3.0.0
83 silly fetch manifest end-of-stream@^1.1.0
84 silly fetch manifest once@^1.3.1
85 silly placeDep ROOT rc@1.2.8 OK for: prebuild-install@7.1.1 want: ^1.2.7
86 silly fetch manifest deep-extend@^0.6.0
87 silly fetch manifest ini@~1.3.0
88 silly fetch manifest strip-json-comments@~2.0.1
89 silly placeDep ROOT simple-get@4.0.1 OK for: prebuild-install@7.1.1 want: ^4.0.0
90 silly fetch manifest decompress-response@^6.0.0
91 silly fetch manifest simple-concat@^1.0.0
92 silly placeDep ROOT tar-fs@2.1.1 OK for: prebuild-install@7.1.1 want: ^2.0.0
93 silly fetch manifest chownr@^1.1.1
94 silly fetch manifest tar-stream@^2.1.4
95 silly placeDep ROOT tunnel-agent@0.6.0 OK for: prebuild-install@7.1.1 want: ^0.6.0
96 silly fetch manifest safe-buffer@^5.0.1
97 http fetch GET 200 https://registry.npmjs.org/once 476ms (cache miss)
98 http fetch GET 200 https://registry.npmjs.org/simple-concat 506ms (cache miss)
99 http fetch GET 200 https://registry.npmjs.org/end-of-stream 514ms (cache miss)
100 http fetch GET 200 https://registry.npmjs.org/chownr 522ms (cache miss)
101 http fetch GET 200 https://registry.npmjs.org/decompress-response 543ms (cache miss)
102 http fetch GET 200 https://registry.npmjs.org/deep-extend 549ms (cache miss)
103 http fetch GET 200 https://registry.npmjs.org/strip-json-comments 551ms (cache miss)
104 http fetch GET 200 https://registry.npmjs.org/semver 841ms (cache miss)
105 http fetch GET 200 https://registry.npmjs.org/npm 30114ms (cache miss)
106 http fetch GET 200 https://registry.npmjs.org/ini 1372ms (cache miss)
107 http fetch GET 200 https://registry.npmjs.org/tar-stream 1374ms (cache miss)
108 http fetch GET 200 https://registry.npmjs.org/safe-buffer 2209ms (cache miss)
109 timing idealTree:node_modules/prebuild-install Completed in 2236ms
110 timing idealTree:node_modules/detect-libc Completed in 0ms
111 timing idealTree:node_modules/expand-template Completed in 0ms
112 timing idealTree:node_modules/github-from-package Completed in 0ms
113 timing idealTree:node_modules/minimist Completed in 0ms
114 timing idealTree:node_modules/mkdirp-classic Completed in 0ms
115 timing idealTree:node_modules/napi-build-utils Completed in 0ms
116 silly placeDep ROOT semver@7.5.4 OK for: node-abi@3.45.0 want: ^7.3.5
117 silly fetch manifest lru-cache@^6.0.0
118 http fetch GET 200 https://registry.npmjs.org/lru-cache 2194ms (cache miss)
119 timing idealTree:node_modules/node-abi Completed in 2200ms
120 silly placeDep ROOT end-of-stream@1.4.4 OK for: pump@3.0.0 want: ^1.1.0
121 silly fetch manifest once@^1.4.0
122 silly placeDep ROOT once@1.4.0 OK for: pump@3.0.0 want: ^1.3.1
123 silly fetch manifest wrappy@1
124 http fetch GET 200 https://registry.npmjs.org/wrappy 227ms (cache miss)
125 timing idealTree:node_modules/pump Completed in 233ms
126 timing idealTree:node_modules/end-of-stream Completed in 0ms
127 silly placeDep ROOT wrappy@1.0.2 OK for: once@1.4.0 want: 1
128 timing idealTree:node_modules/once Completed in 1ms
129 silly placeDep ROOT deep-extend@0.6.0 OK for: rc@1.2.8 want: ^0.6.0
130 silly placeDep ROOT ini@1.3.8 OK for: rc@1.2.8 want: ~1.3.0
131 silly placeDep ROOT strip-json-comments@2.0.1 OK for: rc@1.2.8 want: ~2.0.1
132 timing idealTree:node_modules/rc Completed in 3ms
133 timing idealTree:node_modules/deep-extend Completed in 0ms
134 timing idealTree:node_modules/ini Completed in 0ms
135 silly placeDep ROOT lru-cache@6.0.0 OK for: semver@7.5.4 want: ^6.0.0
136 silly fetch manifest yallist@^4.0.0
137 http fetch GET 200 https://registry.npmjs.org/yallist 295ms (cache miss)
138 timing idealTree:node_modules/semver Completed in 296ms
139 silly placeDep ROOT yallist@4.0.0 OK for: lru-cache@6.0.0 want: ^4.0.0
140 timing idealTree:node_modules/lru-cache Completed in 2ms
141 silly placeDep ROOT decompress-response@6.0.0 OK for: simple-get@4.0.1 want: ^6.0.0
142 silly fetch manifest mimic-response@^3.1.0
143 silly placeDep ROOT simple-concat@1.0.1 OK for: simple-get@4.0.1 want: ^1.0.0
144 http fetch GET 200 https://registry.npmjs.org/mimic-response 224ms (cache miss)
145 timing idealTree:node_modules/simple-get Completed in 273ms
146 silly placeDep ROOT mimic-response@3.1.0 OK for: decompress-response@6.0.0 want: ^3.1.0
147 timing idealTree:node_modules/decompress-response Completed in 4ms
148 timing idealTree:node_modules/mimic-response Completed in 0ms
149 timing idealTree:node_modules/simple-concat Completed in 0ms
150 timing idealTree:node_modules/strip-json-comments Completed in 0ms
151 silly placeDep ROOT chownr@1.1.4 OK for: tar-fs@2.1.1 want: ^1.1.1
152 silly placeDep ROOT tar-stream@2.2.0 OK for: tar-fs@2.1.1 want: ^2.1.4
153 silly fetch manifest bl@^4.0.3
154 silly fetch manifest fs-constants@^1.0.0
155 silly fetch manifest inherits@^2.0.3
156 silly fetch manifest readable-stream@^3.1.1
157 http fetch GET 200 https://registry.npmjs.org/fs-constants 228ms (cache miss)
158 http fetch GET 200 https://registry.npmjs.org/inherits 246ms (cache miss)
159 http fetch GET 200 https://registry.npmjs.org/bl 438ms (cache miss)
160 http fetch GET 200 https://registry.npmjs.org/readable-stream 617ms (cache miss)
161 timing idealTree:node_modules/tar-fs Completed in 700ms
162 timing idealTree:node_modules/chownr Completed in 0ms
163 silly placeDep ROOT bl@4.1.0 OK for: tar-stream@2.2.0 want: ^4.0.3
164 silly fetch manifest buffer@^5.5.0
165 silly fetch manifest inherits@^2.0.4
166 silly fetch manifest readable-stream@^3.4.0
167 silly placeDep ROOT fs-constants@1.0.0 OK for: tar-stream@2.2.0 want: ^1.0.0
168 silly placeDep ROOT inherits@2.0.4 OK for: tar-stream@2.2.0 want: ^2.0.3
169 silly placeDep ROOT readable-stream@3.6.2 OK for: tar-stream@2.2.0 want: ^3.1.1
170 silly fetch manifest string_decoder@^1.1.1
171 silly fetch manifest util-deprecate@^1.0.1
172 http fetch GET 200 https://registry.npmjs.org/util-deprecate 231ms (cache miss)
173 http fetch GET 200 https://registry.npmjs.org/string_decoder 265ms (cache miss)
174 http fetch GET 200 https://registry.npmjs.org/buffer 441ms (cache miss)
175 timing idealTree:node_modules/tar-stream Completed in 448ms
176 silly placeDep ROOT buffer@5.7.1 OK for: bl@4.1.0 want: ^5.5.0
177 silly fetch manifest base64-js@^1.3.1
178 silly fetch manifest ieee754@^1.1.13
179 http fetch GET 200 https://registry.npmjs.org/base64-js 264ms (cache miss)
180 http fetch GET 200 https://registry.npmjs.org/ieee754 289ms (cache miss)
181 timing idealTree:node_modules/bl Completed in 296ms
182 silly placeDep ROOT base64-js@1.5.1 OK for: buffer@5.7.1 want: ^1.3.1
183 silly placeDep ROOT ieee754@1.2.1 OK for: buffer@5.7.1 want: ^1.1.13
184 timing idealTree:node_modules/buffer Completed in 3ms
185 timing idealTree:node_modules/base64-js Completed in 0ms
186 timing idealTree:node_modules/fs-constants Completed in 0ms
187 timing idealTree:node_modules/ieee754 Completed in 0ms
188 timing idealTree:node_modules/inherits Completed in 0ms
189 silly placeDep ROOT string_decoder@1.3.0 OK for: readable-stream@3.6.2 want: ^1.1.1
190 silly fetch manifest safe-buffer@~5.2.0
191 silly placeDep ROOT util-deprecate@1.0.2 OK for: readable-stream@3.6.2 want: ^1.0.1
192 timing idealTree:node_modules/readable-stream Completed in 7ms
193 silly placeDep ROOT safe-buffer@5.2.1 OK for: string_decoder@1.3.0 want: ~5.2.0
194 timing idealTree:node_modules/string_decoder Completed in 2ms
195 timing idealTree:node_modules/safe-buffer Completed in 0ms
196 timing idealTree:node_modules/tunnel-agent Completed in 0ms
197 timing idealTree:node_modules/util-deprecate Completed in 0ms
198 timing idealTree:node_modules/wrappy Completed in 0ms
199 timing idealTree:node_modules/yallist Completed in 0ms
200 timing idealTree:buildDeps Completed in 35534ms
201 timing idealTree:fixDepFlags Completed in 2ms
202 timing idealTree Completed in 35557ms
203 timing reify:loadTrees Completed in 35558ms
204 timing reify:diffTrees Completed in 2ms
205 silly reify moves {}
206 timing reify:retireShallow Completed in 1ms
207 timing reify:createSparse Completed in 9ms
208 timing reify:loadBundles Completed in 0ms
209 silly tarball no local data for safe-buffer@https://registry.npmjs.org/safe-buffer/-/safe-buffer-5.2.1.tgz. Extracting by manifest.
210 silly tarball no local data for util-deprecate@https://registry.npmjs.org/util-deprecate/-/util-deprecate-1.0.2.tgz. Extracting by manifest.
211 silly tarball no local data for buffer@https://registry.npmjs.org/buffer/-/buffer-5.7.1.tgz. Extracting by manifest.
212 silly tarball no local data for string_decoder@https://registry.npmjs.org/string_decoder/-/string_decoder-1.3.0.tgz. Extracting by manifest.
213 silly tarball no local data for readable-stream@https://registry.npmjs.org/readable-stream/-/readable-stream-3.6.2.tgz. Extracting by manifest.
214 silly tarball no local data for ieee754@https://registry.npmjs.org/ieee754/-/ieee754-1.2.1.tgz. Extracting by manifest.
215 silly tarball no local data for base64-js@https://registry.npmjs.org/base64-js/-/base64-js-1.5.1.tgz. Extracting by manifest.
216 silly tarball no local data for inherits@https://registry.npmjs.org/inherits/-/inherits-2.0.4.tgz. Extracting by manifest.
217 silly tarball no local data for bl@https://registry.npmjs.org/bl/-/bl-4.1.0.tgz. Extracting by manifest.
218 silly tarball no local data for fs-constants@https://registry.npmjs.org/fs-constants/-/fs-constants-1.0.0.tgz. Extracting by manifest.
219 silly tarball no local data for tar-stream@https://registry.npmjs.org/tar-stream/-/tar-stream-2.2.0.tgz. Extracting by manifest.
220 silly tarball no local data for chownr@https://registry.npmjs.org/chownr/-/chownr-1.1.4.tgz. Extracting by manifest.
221 silly tarball no local data for simple-concat@https://registry.npmjs.org/simple-concat/-/simple-concat-1.0.1.tgz. Extracting by manifest.
222 silly tarball no local data for mimic-response@https://registry.npmjs.org/mimic-response/-/mimic-response-3.1.0.tgz. Extracting by manifest.
223 silly tarball no local data for yallist@https://registry.npmjs.org/yallist/-/yallist-4.0.0.tgz. Extracting by manifest.
224 silly tarball no local data for lru-cache@https://registry.npmjs.org/lru-cache/-/lru-cache-6.0.0.tgz. Extracting by manifest.
225 silly tarball no local data for decompress-response@https://registry.npmjs.org/decompress-response/-/decompress-response-6.0.0.tgz. Extracting by manifest.
226 silly tarball no local data for ini@https://registry.npmjs.org/ini/-/ini-1.3.8.tgz. Extracting by manifest.
227 silly tarball no local data for strip-json-comments@https://registry.npmjs.org/strip-json-comments/-/strip-json-comments-2.0.1.tgz. Extracting by manifest.
228 silly tarball no local data for wrappy@https://registry.npmjs.org/wrappy/-/wrappy-1.0.2.tgz. Extracting by manifest.
229 silly tarball no local data for once@https://registry.npmjs.org/once/-/once-1.4.0.tgz. Extracting by manifest.
230 silly tarball no local data for deep-extend@https://registry.npmjs.org/deep-extend/-/deep-extend-0.6.0.tgz. Extracting by manifest.
231 silly tarball no local data for end-of-stream@https://registry.npmjs.org/end-of-stream/-/end-of-stream-1.4.4.tgz. Extracting by manifest.
232 silly tarball no local data for semver@https://registry.npmjs.org/semver/-/semver-7.5.4.tgz. Extracting by manifest.
233 silly tarball no local data for tar-fs@https://registry.npmjs.org/tar-fs/-/tar-fs-2.1.1.tgz. Extracting by manifest.
234 silly tarball no local data for simple-get@https://registry.npmjs.org/simple-get/-/simple-get-4.0.1.tgz. Extracting by manifest.
235 silly tarball no local data for tunnel-agent@https://registry.npmjs.org/tunnel-agent/-/tunnel-agent-0.6.0.tgz. Extracting by manifest.
236 silly tarball no local data for node-abi@https://registry.npmjs.org/node-abi/-/node-abi-3.45.0.tgz. Extracting by manifest.
237 silly tarball no local data for pump@https://registry.npmjs.org/pump/-/pump-3.0.0.tgz. Extracting by manifest.
238 silly tarball no local data for napi-build-utils@https://registry.npmjs.org/napi-build-utils/-/napi-build-utils-1.0.2.tgz. Extracting by manifest.
239 silly tarball no local data for rc@https://registry.npmjs.org/rc/-/rc-1.2.8.tgz. Extracting by manifest.
240 silly tarball no local data for minimist@https://registry.npmjs.org/minimist/-/minimist-1.2.8.tgz. Extracting by manifest.
241 silly tarball no local data for github-from-package@https://registry.npmjs.org/github-from-package/-/github-from-package-0.0.0.tgz. Extracting by manifest.
242 silly tarball no local data for mkdirp-classic@https://registry.npmjs.org/mkdirp-classic/-/mkdirp-classic-0.5.3.tgz. Extracting by manifest.
243 silly tarball no local data for detect-libc@https://registry.npmjs.org/detect-libc/-/detect-libc-2.0.1.tgz. Extracting by manifest.
244 silly tarball no local data for prebuild-install@https://registry.npmjs.org/prebuild-install/-/prebuild-install-7.1.1.tgz. Extracting by manifest.
245 silly tarball no local data for expand-template@https://registry.npmjs.org/expand-template/-/expand-template-2.0.3.tgz. Extracting by manifest.
246 silly tarball no local data for keytar@https://registry.npmjs.org/keytar/-/keytar-7.9.0.tgz. Extracting by manifest.
247 silly tarball no local data for node-addon-api@https://registry.npmjs.org/node-addon-api/-/node-addon-api-4.3.0.tgz. Extracting by manifest.
248 http fetch GET 200 https://registry.npmjs.org/string_decoder/-/string_decoder-1.3.0.tgz 269ms (cache miss)
249 timing reifyNode:node_modules/string_decoder Completed in 294ms
250 http fetch GET 200 https://registry.npmjs.org/util-deprecate/-/util-deprecate-1.0.2.tgz 272ms (cache miss)
251 timing reifyNode:node_modules/util-deprecate Completed in 294ms
252 http fetch GET 200 https://registry.npmjs.org/fs-constants/-/fs-constants-1.0.0.tgz 263ms (cache miss)
253 timing reifyNode:node_modules/fs-constants Completed in 298ms
254 http fetch GET 200 https://registry.npmjs.org/inherits/-/inherits-2.0.4.tgz 290ms (cache miss)
255 timing reifyNode:node_modules/inherits Completed in 322ms
256 http fetch GET 200 https://registry.npmjs.org/simple-concat/-/simple-concat-1.0.1.tgz 300ms (cache miss)
257 timing reifyNode:node_modules/simple-concat Completed in 336ms
258 http fetch GET 200 https://registry.npmjs.org/safe-buffer/-/safe-buffer-5.2.1.tgz 320ms (cache miss)
259 timing reifyNode:node_modules/safe-buffer Completed in 342ms
260 http fetch GET 200 https://registry.npmjs.org/base64-js/-/base64-js-1.5.1.tgz 318ms (cache miss)
261 timing reifyNode:node_modules/base64-js Completed in 348ms
262 http fetch GET 200 https://registry.npmjs.org/chownr/-/chownr-1.1.4.tgz 322ms (cache miss)
263 timing reifyNode:node_modules/chownr Completed in 357ms
264 http fetch GET 200 https://registry.npmjs.org/ieee754/-/ieee754-1.2.1.tgz 344ms (cache miss)
265 timing reifyNode:node_modules/ieee754 Completed in 373ms
266 http fetch GET 200 https://registry.npmjs.org/tar-stream/-/tar-stream-2.2.0.tgz 339ms (cache miss)
267 timing reifyNode:node_modules/tar-stream Completed in 373ms
268 http fetch GET 200 https://registry.npmjs.org/buffer/-/buffer-5.7.1.tgz 365ms (cache miss)
269 timing reifyNode:node_modules/buffer Completed in 388ms
270 http fetch GET 200 https://registry.npmjs.org/bl/-/bl-4.1.0.tgz 390ms (cache miss)
271 timing reifyNode:node_modules/bl Completed in 422ms
272 http fetch GET 200 https://registry.npmjs.org/readable-stream/-/readable-stream-3.6.2.tgz 420ms (cache miss)
273 timing reifyNode:node_modules/readable-stream Completed in 445ms
274 http fetch GET 200 https://registry.npmjs.org/decompress-response/-/decompress-response-6.0.0.tgz 440ms (cache miss)
275 timing reifyNode:node_modules/decompress-response Completed in 479ms
276 http fetch GET 200 https://registry.npmjs.org/lru-cache/-/lru-cache-6.0.0.tgz 446ms (cache miss)
277 timing reifyNode:node_modules/lru-cache Completed in 485ms
278 http fetch GET 200 https://registry.npmjs.org/ini/-/ini-1.3.8.tgz 453ms (cache miss)
279 timing reifyNode:node_modules/ini Completed in 493ms
280 http fetch GET 200 https://registry.npmjs.org/wrappy/-/wrappy-1.0.2.tgz 468ms (cache miss)
281 timing reifyNode:node_modules/wrappy Completed in 511ms
282 http fetch GET 200 https://registry.npmjs.org/strip-json-comments/-/strip-json-comments-2.0.1.tgz 472ms (cache miss)
283 timing reifyNode:node_modules/strip-json-comments Completed in 512ms
284 http fetch GET 200 https://registry.npmjs.org/once/-/once-1.4.0.tgz 472ms (cache miss)
285 timing reifyNode:node_modules/once Completed in 518ms
286 http fetch GET 200 https://registry.npmjs.org/deep-extend/-/deep-extend-0.6.0.tgz 472ms (cache miss)
287 timing reifyNode:node_modules/deep-extend Completed in 519ms
288 http fetch GET 200 https://registry.npmjs.org/end-of-stream/-/end-of-stream-1.4.4.tgz 490ms (cache miss)
289 timing reifyNode:node_modules/end-of-stream Completed in 538ms
290 http fetch GET 200 https://registry.npmjs.org/tar-fs/-/tar-fs-2.1.1.tgz 530ms (cache miss)
291 timing reifyNode:node_modules/tar-fs Completed in 580ms
292 http fetch GET 200 https://registry.npmjs.org/simple-get/-/simple-get-4.0.1.tgz 548ms (cache miss)
293 timing reifyNode:node_modules/simple-get Completed in 605ms
294 http fetch GET 200 https://registry.npmjs.org/tunnel-agent/-/tunnel-agent-0.6.0.tgz 608ms (cache miss)
295 timing reifyNode:node_modules/tunnel-agent Completed in 667ms
296 http fetch GET 200 https://registry.npmjs.org/node-abi/-/node-abi-3.45.0.tgz 612ms (cache miss)
297 timing reifyNode:node_modules/node-abi Completed in 671ms
298 http fetch GET 200 https://registry.npmjs.org/mimic-response/-/mimic-response-3.1.0.tgz 638ms (cache miss)
299 timing reifyNode:node_modules/mimic-response Completed in 674ms
300 http fetch GET 200 https://registry.npmjs.org/semver/-/semver-7.5.4.tgz 662ms (cache miss)
301 timing reifyNode:node_modules/semver Completed in 711ms
302 http fetch GET 200 https://registry.npmjs.org/yallist/-/yallist-4.0.0.tgz 699ms (cache miss)
303 timing reifyNode:node_modules/yallist Completed in 736ms
304 http fetch GET 200 https://registry.npmjs.org/pump/-/pump-3.0.0.tgz 692ms (cache miss)
305 timing reifyNode:node_modules/pump Completed in 751ms
306 http fetch GET 200 https://registry.npmjs.org/napi-build-utils/-/napi-build-utils-1.0.2.tgz 719ms (cache miss)
307 timing reifyNode:node_modules/napi-build-utils Completed in 778ms
308 http fetch GET 200 https://registry.npmjs.org/rc/-/rc-1.2.8.tgz 728ms (cache miss)
309 timing reifyNode:node_modules/rc Completed in 788ms
310 http fetch GET 200 https://registry.npmjs.org/github-from-package/-/github-from-package-0.0.0.tgz 742ms (cache miss)
311 timing reifyNode:node_modules/github-from-package Completed in 802ms
312 http fetch GET 200 https://registry.npmjs.org/mkdirp-classic/-/mkdirp-classic-0.5.3.tgz 741ms (cache miss)
313 timing reifyNode:node_modules/mkdirp-classic Completed in 803ms
314 http fetch GET 200 https://registry.npmjs.org/detect-libc/-/detect-libc-2.0.1.tgz 749ms (cache miss)
315 timing reifyNode:node_modules/detect-libc Completed in 812ms
316 http fetch GET 200 https://registry.npmjs.org/minimist/-/minimist-1.2.8.tgz 766ms (cache miss)
317 timing reifyNode:node_modules/minimist Completed in 826ms
318 http fetch GET 200 https://registry.npmjs.org/prebuild-install/-/prebuild-install-7.1.1.tgz 780ms (cache miss)
319 timing reifyNode:node_modules/prebuild-install Completed in 842ms
320 http fetch GET 200 https://registry.npmjs.org/expand-template/-/expand-template-2.0.3.tgz 784ms (cache miss)
321 timing reifyNode:node_modules/expand-template Completed in 848ms
322 http fetch GET 200 https://registry.npmjs.org/keytar/-/keytar-7.9.0.tgz 800ms (cache miss)
323 timing reifyNode:node_modules/keytar Completed in 866ms
324 http fetch GET 200 https://registry.npmjs.org/node-addon-api/-/node-addon-api-4.3.0.tgz 935ms (cache miss)
325 timing reifyNode:node_modules/node-addon-api Completed in 1000ms
326 timing reify:unpack Completed in 1003ms
327 timing reify:unretire Completed in 1ms
328 timing build:queue Completed in 2ms
329 timing build:link:node_modules/prebuild-install Completed in 11ms
330 timing build:link:node_modules/rc Completed in 10ms
331 timing build:link:node_modules/semver Completed in 10ms
332 timing build:link Completed in 11ms
333 info run keytar@7.9.0 install node_modules/keytar prebuild-install || npm run build
334 info run keytar@7.9.0 install { code: 0, signal: null }
335 timing build:run:install:node_modules/keytar Completed in 5953ms
336 timing build:run:install Completed in 5953ms
337 timing build:deps Completed in 5967ms
338 timing build Completed in 5967ms
339 timing reify:build Completed in 5967ms
340 timing reify:trash Completed in 0ms
341 timing reify:save Completed in 14ms
342 timing reify Completed in 42690ms
343 silly ADD node_modules/safe-buffer
344 silly ADD node_modules/util-deprecate
345 silly ADD node_modules/string_decoder
346 silly ADD node_modules/ieee754
347 silly ADD node_modules/base64-js
348 silly ADD node_modules/buffer
349 silly ADD node_modules/readable-stream
350 silly ADD node_modules/inherits
351 silly ADD node_modules/fs-constants
352 silly ADD node_modules/bl
353 silly ADD node_modules/tar-stream
354 silly ADD node_modules/chownr
355 silly ADD node_modules/mimic-response
356 silly ADD node_modules/simple-concat
357 silly ADD node_modules/decompress-response
358 silly ADD node_modules/yallist
359 silly ADD node_modules/lru-cache
360 silly ADD node_modules/strip-json-comments
361 silly ADD node_modules/ini
362 silly ADD node_modules/deep-extend
363 silly ADD node_modules/wrappy
364 silly ADD node_modules/once
365 silly ADD node_modules/end-of-stream
366 silly ADD node_modules/semver
367 silly ADD node_modules/tunnel-agent
368 silly ADD node_modules/tar-fs
369 silly ADD node_modules/simple-get
370 silly ADD node_modules/rc
371 silly ADD node_modules/pump
372 silly ADD node_modules/node-abi
373 silly ADD node_modules/napi-build-utils
374 silly ADD node_modules/mkdirp-classic
375 silly ADD node_modules/minimist
376 silly ADD node_modules/github-from-package
377 silly ADD node_modules/expand-template
378 silly ADD node_modules/detect-libc
379 silly ADD node_modules/prebuild-install
380 silly ADD node_modules/node-addon-api
381 silly ADD node_modules/keytar
382 timing command:install Completed in 42704ms
383 verbose exit 0
384 timing npm Completed in 43515ms
385 info ok
