2023-07-17 10:05:27.008 [info] Log level: Info
2023-07-17 10:05:27.026 [info] Validating found git in: "/usr/bin/git"
2023-07-17 10:05:27.076 [info] Using git "2.39.2 (Apple Git-143)" from "/usr/bin/git"
2023-07-17 10:05:27.101 [info] > git rev-parse --show-toplevel [21ms]
2023-07-17 10:05:27.121 [info] > git rev-parse --git-dir --git-common-dir [18ms]
2023-07-17 10:05:27.130 [info] Open repository: /Users/Einpunk Community/Documents/Brownie/brownie_gamex_vault/web3-auth
2023-07-17 10:05:27.150 [info] > git rev-parse --show-toplevel [17ms]
2023-07-17 10:05:27.153 [info] > git config --get commit.template [18ms]
2023-07-17 10:05:27.167 [info] > git rev-parse --show-toplevel [16ms]
2023-07-17 10:05:27.169 [info] > git for-each-ref --format=%(refname)%00%(upstream:short)%00%(objectname)%00%(upstream:track)%00%(upstream:remotename)%00%(upstream:remoteref) --ignore-case refs/heads/gamex refs/remotes/gamex [31ms]
2023-07-17 10:05:27.185 [info] > git rev-parse --show-toplevel [16ms]
2023-07-17 10:05:27.204 [info] > git rev-parse --show-toplevel [18ms]
2023-07-17 10:05:27.226 [info] > git rev-parse --show-toplevel [21ms]
2023-07-17 10:05:27.244 [info] > git rev-parse --show-toplevel [17ms]
2023-07-17 10:05:27.273 [info] > git rev-parse --show-toplevel [27ms]
2023-07-17 10:05:27.317 [info] > git rev-parse --show-toplevel [41ms]
2023-07-17 10:05:27.377 [info] > git rev-parse --show-toplevel [56ms]
2023-07-17 10:05:27.418 [info] > git rev-parse --git-dir --git-common-dir [38ms]
2023-07-17 10:05:27.424 [info] Open repository: /Users/Einpunk Community/Documents/Brownie/brownie_gamex_vault/web3-auth/get-started
2023-07-17 10:05:27.475 [info] > git rev-parse --show-toplevel [45ms]
2023-07-17 10:05:27.486 [info] > git config --get commit.template [49ms]
2023-07-17 10:05:27.495 [info] > git for-each-ref --format=%(refname)%00%(upstream:short)%00%(objectname)%00%(upstream:track)%00%(upstream:remotename)%00%(upstream:remoteref) --ignore-case refs/heads/master refs/remotes/master [49ms]
2023-07-17 10:05:27.502 [info] > git rev-parse --show-toplevel [24ms]
2023-07-17 10:05:27.533 [info] > git rev-parse --show-toplevel [28ms]
2023-07-17 10:05:27.573 [info] > git rev-parse --git-dir --git-common-dir [1ms]
2023-07-17 10:05:27.585 [info] Open repository: /Users/Einpunk Community/Documents/Brownie/brownie_gamex_vault/web3-auth/login
2023-07-17 10:05:27.685 [info] > git config --get commit.template [89ms]
2023-07-17 10:05:27.690 [info] > git for-each-ref --format=%(refname)%00%(upstream:short)%00%(objectname)%00%(upstream:track)%00%(upstream:remotename)%00%(upstream:remoteref) --ignore-case refs/heads/master refs/remotes/master [92ms]
2023-07-17 10:05:27.699 [info] > git rev-parse --show-toplevel [111ms]
2023-07-17 10:05:27.740 [info] > git status -z -uall [241ms]
2023-07-17 10:05:27.838 [info] > git status -z -uall [139ms]
2023-07-17 10:05:28.074 [info] > git config --get commit.template [240ms]
2023-07-17 10:05:28.106 [info] > git config --get commit.template [33ms]
2023-07-17 10:05:28.109 [info] > git for-each-ref --format=%(refname)%00%(upstream:short)%00%(objectname)%00%(upstream:track)%00%(upstream:remotename)%00%(upstream:remoteref) --ignore-case refs/heads/master refs/remotes/master [28ms]
2023-07-17 10:05:28.110 [info] > git for-each-ref --format=%(refname)%00%(upstream:short)%00%(objectname)%00%(upstream:track)%00%(upstream:remotename)%00%(upstream:remoteref) --ignore-case refs/heads/master refs/remotes/master [30ms]
2023-07-17 10:05:28.128 [info] > git check-ignore -v -z --stdin [26ms]
2023-07-17 10:05:28.130 [info] > git check-ignore -v -z --stdin [25ms]
2023-07-17 10:05:28.174 [info] > git status -z -uall [64ms]
2023-07-17 10:05:28.190 [info] > git status -z -uall [79ms]
2023-07-17 10:05:28.240 [info] > git check-ignore -v -z --stdin [141ms]
2023-07-17 10:05:28.275 [info] > git status -z -uall [1104ms]
2023-07-17 10:05:28.579 [info] > git config --get commit.template [295ms]
2023-07-17 10:05:28.588 [info] > git for-each-ref --format=%(refname)%00%(upstream:short)%00%(objectname)%00%(upstream:track)%00%(upstream:remotename)%00%(upstream:remoteref) --ignore-case refs/heads/gamex refs/remotes/gamex [302ms]
2023-07-17 10:05:29.102 [info] > git status -z -uall [513ms]
2023-07-17 10:05:32.897 [info] > git check-ignore -v -z --stdin [46ms]
2023-07-17 10:05:33.902 [info] > git config --get commit.template [23ms]
2023-07-17 10:05:33.905 [info] > git for-each-ref --format=%(refname)%00%(upstream:short)%00%(objectname)%00%(upstream:track)%00%(upstream:remotename)%00%(upstream:remoteref) --ignore-case refs/heads/gamex refs/remotes/gamex [25ms]
2023-07-17 10:05:34.405 [info] > git status -z -uall [499ms]
2023-07-17 10:05:47.812 [info] > git config --get commit.template [29ms]
2023-07-17 10:05:47.814 [info] > git for-each-ref --format=%(refname)%00%(upstream:short)%00%(objectname)%00%(upstream:track)%00%(upstream:remotename)%00%(upstream:remoteref) --ignore-case refs/heads/gamex refs/remotes/gamex [32ms]
2023-07-17 10:05:48.586 [info] > git status -z -uall [768ms]
2023-07-17 10:05:53.644 [info] > git config --get commit.template [26ms]
2023-07-17 10:05:53.647 [info] > git for-each-ref --format=%(refname)%00%(upstream:short)%00%(objectname)%00%(upstream:track)%00%(upstream:remotename)%00%(upstream:remoteref) --ignore-case refs/heads/gamex refs/remotes/gamex [27ms]
2023-07-17 10:05:54.306 [info] > git status -z -uall [658ms]
2023-07-17 10:05:59.345 [info] > git config --get commit.template [27ms]
2023-07-17 10:05:59.347 [info] > git for-each-ref --format=%(refname)%00%(upstream:short)%00%(objectname)%00%(upstream:track)%00%(upstream:remotename)%00%(upstream:remoteref) --ignore-case refs/heads/gamex refs/remotes/gamex [26ms]
2023-07-17 10:06:00.200 [info] > git status -z -uall [852ms]
2023-07-17 10:06:31.373 [info] > git check-ignore -v -z --stdin [107ms]
2023-07-17 10:06:32.246 [info] > git check-ignore -v -z --stdin [79ms]
2023-07-17 10:06:33.467 [info] > git check-ignore -v -z --stdin [62ms]
2023-07-17 10:06:34.562 [info] > git check-ignore -v -z --stdin [43ms]
2023-07-17 10:07:31.261 [info] > git ls-files --stage -- /Users/Einpunk Community/Documents/Brownie/brownie_gamex_vault/web3-auth/.profile [133ms]
2023-07-17 10:07:31.265 [info] > git show --textconv :.profile [140ms]
2023-07-17 10:07:31.313 [info] > git cat-file -s 48f55d2c5331c8cf18d95295e8fba4bc1d3d179c [49ms]
2023-07-17 10:07:32.689 [info] > git show --textconv :.env [77ms]
2023-07-17 10:07:32.700 [info] > git ls-files --stage -- /Users/Einpunk Community/Documents/Brownie/brownie_gamex_vault/web3-auth/.env [84ms]
2023-07-17 10:07:53.772 [info] > git config --get commit.template [56ms]
2023-07-17 10:07:53.783 [info] > git for-each-ref --format=%(refname)%00%(upstream:short)%00%(objectname)%00%(upstream:track)%00%(upstream:remotename)%00%(upstream:remoteref) --ignore-case refs/heads/gamex refs/remotes/gamex [62ms]
2023-07-17 10:07:56.219 [info] > git status -z -uall [2434ms]
2023-07-17 10:07:58.906 [info] > git check-ignore -v -z --stdin [91ms]
2023-07-17 10:08:01.278 [info] > git config --get commit.template [43ms]
2023-07-17 10:08:01.283 [info] > git for-each-ref --format=%(refname)%00%(upstream:short)%00%(objectname)%00%(upstream:track)%00%(upstream:remotename)%00%(upstream:remoteref) --ignore-case refs/heads/gamex refs/remotes/gamex [45ms]
2023-07-17 10:08:02.682 [info] > git status -z -uall [1396ms]
2023-07-17 10:08:07.799 [info] > git config --get commit.template [84ms]
2023-07-17 10:08:07.809 [info] > git for-each-ref --format=%(refname)%00%(upstream:short)%00%(objectname)%00%(upstream:track)%00%(upstream:remotename)%00%(upstream:remoteref) --ignore-case refs/heads/gamex refs/remotes/gamex [83ms]
2023-07-17 10:08:10.104 [info] > git status -z -uall [2291ms]
2023-07-17 10:08:16.600 [info] > git config --get commit.template [57ms]
2023-07-17 10:08:16.604 [info] > git for-each-ref --format=%(refname)%00%(upstream:short)%00%(objectname)%00%(upstream:track)%00%(upstream:remotename)%00%(upstream:remoteref) --ignore-case refs/heads/gamex refs/remotes/gamex [55ms]
2023-07-17 10:08:18.962 [info] > git status -z -uall [2356ms]
2023-07-17 10:08:28.231 [info] > git show --textconv :blog.html [209ms]
2023-07-17 10:08:28.243 [info] > git ls-files --stage -- /Users/Einpunk Community/Documents/Brownie/brownie_gamex_vault/web3-auth/blog.html [210ms]
2023-07-17 10:08:52.500 [info] > git config --get commit.template [79ms]
2023-07-17 10:08:52.526 [info] > git for-each-ref --format=%(refname)%00%(upstream:short)%00%(objectname)%00%(upstream:track)%00%(upstream:remotename)%00%(upstream:remoteref) --ignore-case refs/heads/gamex refs/remotes/gamex [98ms]
2023-07-17 10:08:56.466 [info] > git status -z -uall [3935ms]
2023-07-17 10:09:01.551 [info] > git config --get commit.template [63ms]
2023-07-17 10:09:01.556 [info] > git for-each-ref --format=%(refname)%00%(upstream:short)%00%(objectname)%00%(upstream:track)%00%(upstream:remotename)%00%(upstream:remoteref) --ignore-case refs/heads/gamex refs/remotes/gamex [65ms]
2023-07-17 10:09:03.322 [info] > git check-ignore -v -z --stdin [86ms]
2023-07-17 10:09:04.272 [info] > git status -z -uall [2714ms]
2023-07-17 10:09:20.250 [info] > git config --get commit.template [56ms]
2023-07-17 10:09:20.262 [info] > git for-each-ref --format=%(refname)%00%(upstream:short)%00%(objectname)%00%(upstream:track)%00%(upstream:remotename)%00%(upstream:remoteref) --ignore-case refs/heads/gamex refs/remotes/gamex [64ms]
2023-07-17 10:09:24.774 [info] > git status -z -uall [4508ms]
2023-07-17 10:09:29.848 [info] > git config --get commit.template [63ms]
2023-07-17 10:09:29.857 [info] > git for-each-ref --format=%(refname)%00%(upstream:short)%00%(objectname)%00%(upstream:track)%00%(upstream:remotename)%00%(upstream:remoteref) --ignore-case refs/heads/gamex refs/remotes/gamex [69ms]
2023-07-17 10:09:33.743 [info] > git status -z -uall [3884ms]
2023-07-17 10:09:38.809 [info] > git config --get commit.template [53ms]
2023-07-17 10:09:38.823 [info] > git for-each-ref --format=%(refname)%00%(upstream:short)%00%(objectname)%00%(upstream:track)%00%(upstream:remotename)%00%(upstream:remoteref) --ignore-case refs/heads/gamex refs/remotes/gamex [62ms]
2023-07-17 10:09:42.275 [info] > git status -z -uall [3449ms]
2023-07-17 10:09:47.341 [info] > git config --get commit.template [49ms]
2023-07-17 10:09:47.349 [info] > git for-each-ref --format=%(refname)%00%(upstream:short)%00%(objectname)%00%(upstream:track)%00%(upstream:remotename)%00%(upstream:remoteref) --ignore-case refs/heads/gamex refs/remotes/gamex [53ms]
2023-07-17 10:09:50.976 [info] > git status -z -uall [3625ms]
2023-07-17 10:09:56.044 [info] > git config --get commit.template [50ms]
2023-07-17 10:09:56.053 [info] > git for-each-ref --format=%(refname)%00%(upstream:short)%00%(objectname)%00%(upstream:track)%00%(upstream:remotename)%00%(upstream:remoteref) --ignore-case refs/heads/gamex refs/remotes/gamex [56ms]
2023-07-17 10:09:58.953 [info] > git status -z -uall [2896ms]
2023-07-17 10:10:04.029 [info] > git config --get commit.template [61ms]
2023-07-17 10:10:04.039 [info] > git for-each-ref --format=%(refname)%00%(upstream:short)%00%(objectname)%00%(upstream:track)%00%(upstream:remotename)%00%(upstream:remoteref) --ignore-case refs/heads/gamex refs/remotes/gamex [68ms]
2023-07-17 10:10:07.685 [info] > git status -z -uall [3643ms]
2023-07-17 10:10:12.756 [info] > git config --get commit.template [60ms]
2023-07-17 10:10:12.762 [info] > git for-each-ref --format=%(refname)%00%(upstream:short)%00%(objectname)%00%(upstream:track)%00%(upstream:remotename)%00%(upstream:remoteref) --ignore-case refs/heads/gamex refs/remotes/gamex [64ms]
2023-07-17 10:10:15.980 [info] > git status -z -uall [3215ms]
2023-07-17 10:10:23.534 [info] > git config --get commit.template [64ms]
2023-07-17 10:10:23.542 [info] > git for-each-ref --format=%(refname)%00%(upstream:short)%00%(objectname)%00%(upstream:track)%00%(upstream:remotename)%00%(upstream:remoteref) --ignore-case refs/heads/gamex refs/remotes/gamex [68ms]
2023-07-17 10:10:26.975 [info] > git status -z -uall [3429ms]
2023-07-17 10:10:32.049 [info] > git config --get commit.template [62ms]
2023-07-17 10:10:32.061 [info] > git for-each-ref --format=%(refname)%00%(upstream:short)%00%(objectname)%00%(upstream:track)%00%(upstream:remotename)%00%(upstream:remoteref) --ignore-case refs/heads/gamex refs/remotes/gamex [70ms]
2023-07-17 10:10:35.500 [info] > git status -z -uall [3435ms]
2023-07-17 10:10:40.576 [info] > git config --get commit.template [58ms]
2023-07-17 10:10:40.582 [info] > git for-each-ref --format=%(refname)%00%(upstream:short)%00%(objectname)%00%(upstream:track)%00%(upstream:remotename)%00%(upstream:remoteref) --ignore-case refs/heads/gamex refs/remotes/gamex [59ms]
2023-07-17 10:10:44.809 [info] > git status -z -uall [4225ms]
2023-07-17 10:10:49.898 [info] > git config --get commit.template [60ms]
2023-07-17 10:10:49.910 [info] > git for-each-ref --format=%(refname)%00%(upstream:short)%00%(objectname)%00%(upstream:track)%00%(upstream:remotename)%00%(upstream:remoteref) --ignore-case refs/heads/gamex refs/remotes/gamex [64ms]
2023-07-17 10:10:53.505 [info] > git status -z -uall [3593ms]
2023-07-17 10:10:58.586 [info] > git config --get commit.template [61ms]
2023-07-17 10:10:58.602 [info] > git for-each-ref --format=%(refname)%00%(upstream:short)%00%(objectname)%00%(upstream:track)%00%(upstream:remotename)%00%(upstream:remoteref) --ignore-case refs/heads/gamex refs/remotes/gamex [74ms]
2023-07-17 10:11:02.089 [info] > git status -z -uall [3485ms]
2023-07-17 10:11:13.806 [info] > git config --get commit.template [111ms]
2023-07-17 10:11:13.821 [info] > git for-each-ref --format=%(refname)%00%(upstream:short)%00%(objectname)%00%(upstream:track)%00%(upstream:remotename)%00%(upstream:remoteref) --ignore-case refs/heads/gamex refs/remotes/gamex [107ms]
2023-07-17 10:11:18.041 [info] > git status -z -uall [4217ms]
2023-07-17 10:11:23.120 [info] > git config --get commit.template [63ms]
2023-07-17 10:11:23.132 [info] > git for-each-ref --format=%(refname)%00%(upstream:short)%00%(objectname)%00%(upstream:track)%00%(upstream:remotename)%00%(upstream:remoteref) --ignore-case refs/heads/gamex refs/remotes/gamex [72ms]
2023-07-17 10:11:25.738 [info] > git status -z -uall [2604ms]
2023-07-17 10:11:30.828 [info] > git config --get commit.template [76ms]
2023-07-17 10:11:30.840 [info] > git for-each-ref --format=%(refname)%00%(upstream:short)%00%(objectname)%00%(upstream:track)%00%(upstream:remotename)%00%(upstream:remoteref) --ignore-case refs/heads/gamex refs/remotes/gamex [82ms]
2023-07-17 10:11:33.471 [info] > git status -z -uall [2630ms]
2023-07-17 10:11:38.569 [info] > git config --get commit.template [76ms]
2023-07-17 10:11:38.582 [info] > git for-each-ref --format=%(refname)%00%(upstream:short)%00%(objectname)%00%(upstream:track)%00%(upstream:remotename)%00%(upstream:remoteref) --ignore-case refs/heads/gamex refs/remotes/gamex [86ms]
2023-07-17 10:11:41.388 [info] > git status -z -uall [2805ms]
2023-07-17 10:11:54.314 [info] > git config --get commit.template [591ms]
2023-07-17 10:11:54.340 [info] > git for-each-ref --format=%(refname)%00%(upstream:short)%00%(objectname)%00%(upstream:track)%00%(upstream:remotename)%00%(upstream:remoteref) --ignore-case refs/heads/gamex refs/remotes/gamex [611ms]
2023-07-17 10:11:56.650 [info] > git status -z -uall [2309ms]
2023-07-17 10:12:12.919 [info] > git config --get commit.template [459ms]
2023-07-17 10:12:12.932 [info] > git for-each-ref --format=%(refname)%00%(upstream:short)%00%(objectname)%00%(upstream:track)%00%(upstream:remotename)%00%(upstream:remoteref) --ignore-case refs/heads/gamex refs/remotes/gamex [470ms]
2023-07-17 10:12:14.713 [info] > git status -z -uall [1780ms]
2023-07-17 10:12:23.453 [info] > git config --get commit.template [32ms]
2023-07-17 10:12:23.457 [info] > git for-each-ref --format=%(refname)%00%(upstream:short)%00%(objectname)%00%(upstream:track)%00%(upstream:remotename)%00%(upstream:remoteref) --ignore-case refs/heads/gamex refs/remotes/gamex [34ms]
2023-07-17 10:12:24.324 [info] > git status -z -uall [866ms]
2023-07-17 10:12:57.604 [info] > git check-ignore -v -z --stdin [63ms]
2023-07-17 10:13:02.491 [info] > git show --textconv :single-blog.html [35ms]
2023-07-17 10:13:02.495 [info] > git ls-files --stage -- /Users/Einpunk Community/Documents/Brownie/brownie_gamex_vault/web3-auth/single-blog.html [38ms]
2023-07-17 10:13:50.579 [info] > git show --textconv :about.html [116ms]
2023-07-17 10:13:50.582 [info] > git ls-files --stage -- /Users/Einpunk Community/Documents/Brownie/brownie_gamex_vault/web3-auth/about.html [117ms]
2023-07-17 10:13:53.121 [info] > git show --textconv :index.html [35ms]
2023-07-17 10:13:53.125 [info] > git ls-files --stage -- /Users/Einpunk Community/Documents/Brownie/brownie_gamex_vault/web3-auth/index.html [38ms]
2023-07-17 10:13:53.567 [info] > git show --textconv :about.html [28ms]
2023-07-17 10:13:53.571 [info] > git ls-files --stage -- /Users/Einpunk Community/Documents/Brownie/brownie_gamex_vault/web3-auth/about.html [31ms]
2023-07-17 10:14:18.827 [info] > git check-ignore -v -z --stdin [86ms]
2023-07-17 10:14:25.794 [info] > git check-ignore -v -z --stdin [34ms]
2023-07-17 10:14:37.541 [info] > git check-ignore -v -z --stdin [71ms]
2023-07-17 10:17:08.033 [info] > git config --get commit.template [78ms]
2023-07-17 10:17:08.049 [info] > git for-each-ref --format=%(refname)%00%(upstream:short)%00%(objectname)%00%(upstream:track)%00%(upstream:remotename)%00%(upstream:remoteref) --ignore-case refs/heads/gamex refs/remotes/gamex [85ms]
2023-07-17 10:17:09.287 [info] > git status -z -uall [1235ms]
2023-07-17 10:17:10.066 [info] > git ls-files --stage -- /Users/Einpunk Community/Documents/Brownie/brownie_gamex_vault/web3-auth/about.html [95ms]
2023-07-17 10:17:10.066 [info] > git ls-files --stage -- /Users/Einpunk Community/Documents/Brownie/brownie_gamex_vault/web3-auth/single-blog.html [103ms]
2023-07-17 10:17:10.067 [info] > git ls-files --stage -- /Users/Einpunk Community/Documents/Brownie/brownie_gamex_vault/web3-auth/blog.html [109ms]
2023-07-17 10:17:10.112 [info] > git show --textconv :about.html [42ms]
2023-07-17 10:17:10.119 [info] > git show --textconv :blog.html [45ms]
2023-07-17 10:17:10.121 [info] > git show --textconv :single-blog.html [49ms]
2023-07-17 10:17:11.901 [info] > git ls-files --stage -- /Users/Einpunk Community/Documents/Brownie/brownie_gamex_vault/web3-auth/single-blog.html [54ms]
2023-07-17 10:17:11.901 [info] > git ls-files --stage -- /Users/Einpunk Community/Documents/Brownie/brownie_gamex_vault/web3-auth/blog.html [57ms]
2023-07-17 10:17:11.903 [info] > git ls-files --stage -- /Users/Einpunk Community/Documents/Brownie/brownie_gamex_vault/web3-auth/about.html [56ms]
2023-07-17 10:17:11.938 [info] > git show --textconv :single-blog.html [35ms]
2023-07-17 10:17:11.939 [info] > git show --textconv :blog.html [35ms]
2023-07-17 10:17:11.940 [info] > git show --textconv :about.html [34ms]
2023-07-17 10:17:14.484 [info] > git config --get commit.template [23ms]
2023-07-17 10:17:14.486 [info] > git for-each-ref --format=%(refname)%00%(upstream:short)%00%(objectname)%00%(upstream:track)%00%(upstream:remotename)%00%(upstream:remoteref) --ignore-case refs/heads/gamex refs/remotes/gamex [24ms]
2023-07-17 10:17:15.035 [info] > git status -z -uall [548ms]
2023-07-17 10:17:17.165 [info] > git config --get commit.template [19ms]
2023-07-17 10:17:17.169 [info] > git for-each-ref --format=%(refname)%00%(upstream:short)%00%(objectname)%00%(upstream:track)%00%(upstream:remotename)%00%(upstream:remoteref) --ignore-case refs/heads/master refs/remotes/master [23ms]
2023-07-17 10:17:17.219 [info] > git status -z -uall [49ms]
2023-07-17 10:17:18.077 [info] > git ls-files --stage -- /Users/Einpunk Community/Documents/Brownie/brownie_gamex_vault/web3-auth/about.html [39ms]
2023-07-17 10:17:18.079 [info] > git ls-files --stage -- /Users/Einpunk Community/Documents/Brownie/brownie_gamex_vault/web3-auth/blog.html [45ms]
2023-07-17 10:17:18.080 [info] > git ls-files --stage -- /Users/Einpunk Community/Documents/Brownie/brownie_gamex_vault/web3-auth/single-blog.html [44ms]
2023-07-17 10:17:18.095 [info] > git cat-file -s fcd04224eef859fdc2ddb0dbd7cb926505afa8bf [17ms]
2023-07-17 10:17:18.096 [info] > git cat-file -s 71fa57eb563abd39df79166e33fd7045ef96b0bf [17ms]
2023-07-17 10:17:18.096 [info] > git cat-file -s d4f15c77ce5a3ed3f214fc620da65719fff162c7 [16ms]
2023-07-17 10:17:18.130 [info] > git show --textconv :about.html [33ms]
2023-07-17 10:17:18.131 [info] > git show --textconv :blog.html [33ms]
2023-07-17 10:17:18.131 [info] > git show --textconv :single-blog.html [31ms]
2023-07-17 10:17:20.128 [info] > git config --get commit.template [17ms]
2023-07-17 10:17:20.131 [info] > git for-each-ref --format=%(refname)%00%(upstream:short)%00%(objectname)%00%(upstream:track)%00%(upstream:remotename)%00%(upstream:remoteref) --ignore-case refs/heads/gamex refs/remotes/gamex [18ms]
2023-07-17 10:17:20.885 [info] > git status -z -uall [754ms]
2023-07-17 10:17:42.710 [info] > git config --get commit.template [26ms]
2023-07-17 10:17:42.715 [info] > git for-each-ref --format=%(refname)%00%(upstream:short)%00%(objectname)%00%(upstream:track)%00%(upstream:remotename)%00%(upstream:remoteref) --ignore-case refs/heads/gamex refs/remotes/gamex [28ms]
2023-07-17 10:17:43.861 [info] > git status -z -uall [1145ms]
2023-07-17 10:17:48.975 [info] > git config --get commit.template [18ms]
2023-07-17 10:17:48.978 [info] > git for-each-ref --format=%(refname)%00%(upstream:short)%00%(objectname)%00%(upstream:track)%00%(upstream:remotename)%00%(upstream:remoteref) --ignore-case refs/heads/gamex refs/remotes/gamex [19ms]
2023-07-17 10:17:51.270 [info] > git status -z -uall [2292ms]
2023-07-17 10:17:56.380 [info] > git config --get commit.template [29ms]
2023-07-17 10:17:56.382 [info] > git for-each-ref --format=%(refname)%00%(upstream:short)%00%(objectname)%00%(upstream:track)%00%(upstream:remotename)%00%(upstream:remoteref) --ignore-case refs/heads/gamex refs/remotes/gamex [29ms]
2023-07-17 10:17:57.057 [info] > git status -z -uall [674ms]
2023-07-17 10:18:00.915 [info] > git check-ignore -v -z --stdin [40ms]
2023-07-17 10:18:09.827 [info] > git config --get commit.template [30ms]
2023-07-17 10:18:09.829 [info] > git for-each-ref --format=%(refname)%00%(upstream:short)%00%(objectname)%00%(upstream:track)%00%(upstream:remotename)%00%(upstream:remoteref) --ignore-case refs/heads/gamex refs/remotes/gamex [30ms]
2023-07-17 10:18:10.535 [info] > git status -z -uall [705ms]
2023-07-17 10:18:20.734 [info] > git config --get commit.template [35ms]
2023-07-17 10:18:20.741 [info] > git for-each-ref --format=%(refname)%00%(upstream:short)%00%(objectname)%00%(upstream:track)%00%(upstream:remotename)%00%(upstream:remoteref) --ignore-case refs/heads/gamex refs/remotes/gamex [40ms]
2023-07-17 10:18:21.757 [info] > git status -z -uall [1015ms]
2023-07-17 10:18:35.462 [info] > git ls-files --stage -- /Users/Einpunk Community/Documents/Brownie/brownie_gamex_vault/web3-auth/package.json [106ms]
2023-07-17 10:18:35.463 [info] > git show --textconv :package.json [108ms]
2023-07-17 10:18:35.486 [info] > git cat-file -s 5326fd6c245115cf280e76f5b97172268fd1f177 [23ms]
2023-07-17 10:18:36.538 [info] > git config --get commit.template [25ms]
2023-07-17 10:18:36.543 [info] > git for-each-ref --format=%(refname)%00%(upstream:short)%00%(objectname)%00%(upstream:track)%00%(upstream:remotename)%00%(upstream:remoteref) --ignore-case refs/heads/gamex refs/remotes/gamex [28ms]
2023-07-17 10:18:37.370 [info] > git status -z -uall [826ms]
2023-07-17 10:18:39.964 [info] > git show --textconv :about.html [36ms]
2023-07-17 10:18:39.965 [info] > git ls-files --stage -- /Users/Einpunk Community/Documents/Brownie/brownie_gamex_vault/web3-auth/about.html [35ms]
2023-07-17 10:18:39.984 [info] > git cat-file -s fcd04224eef859fdc2ddb0dbd7cb926505afa8bf [17ms]
2023-07-17 10:18:40.424 [info] > git show --textconv :.zsh_history [31ms]
2023-07-17 10:18:40.425 [info] > git ls-files --stage -- /Users/Einpunk Community/Documents/Brownie/brownie_gamex_vault/web3-auth/.zsh_history [31ms]
2023-07-17 10:18:40.444 [info] > git cat-file -s 8159ed63a545d7f37322d8d4ca2fed2bc83ef3dd [18ms]
2023-07-17 10:18:42.483 [info] > git config --get commit.template [30ms]
2023-07-17 10:18:42.486 [info] > git for-each-ref --format=%(refname)%00%(upstream:short)%00%(objectname)%00%(upstream:track)%00%(upstream:remotename)%00%(upstream:remoteref) --ignore-case refs/heads/gamex refs/remotes/gamex [31ms]
2023-07-17 10:18:43.370 [info] > git status -z -uall [883ms]
2023-07-17 10:18:48.470 [info] > git config --get commit.template [24ms]
2023-07-17 10:18:48.472 [info] > git for-each-ref --format=%(refname)%00%(upstream:short)%00%(objectname)%00%(upstream:track)%00%(upstream:remotename)%00%(upstream:remoteref) --ignore-case refs/heads/gamex refs/remotes/gamex [24ms]
2023-07-17 10:18:48.634 [info] > git show --textconv :.yarnrc [45ms]
2023-07-17 10:18:48.637 [info] > git ls-files --stage -- /Users/Einpunk Community/Documents/Brownie/brownie_gamex_vault/web3-auth/.yarnrc [46ms]
2023-07-17 10:18:48.654 [info] > git cat-file -s 816d4ba57ba0143a3bf9dd2337a94cb6bbbf225e [16ms]
2023-07-17 10:18:49.000 [info] > git show --textconv :.profile [34ms]
2023-07-17 10:18:49.000 [info] > git ls-files --stage -- /Users/Einpunk Community/Documents/Brownie/brownie_gamex_vault/web3-auth/.profile [32ms]
2023-07-17 10:18:49.020 [info] > git cat-file -s 747deca3ccb004a08763a5d1b89ee73b9b4be275 [19ms]
2023-07-17 10:18:49.133 [info] > git status -z -uall [660ms]
2023-07-17 10:18:49.798 [info] > git show --textconv :.lesshst [36ms]
2023-07-17 10:18:49.799 [info] > git ls-files --stage -- /Users/Einpunk Community/Documents/Brownie/brownie_gamex_vault/web3-auth/.lesshst [36ms]
2023-07-17 10:18:49.817 [info] > git cat-file -s 4d1c30b7a5849ed583fdcd6367ab3e2377e84cb0 [17ms]
2023-07-17 10:18:50.305 [info] > git show --textconv :.gitignore [44ms]
2023-07-17 10:18:50.306 [info] > git ls-files --stage -- /Users/Einpunk Community/Documents/Brownie/brownie_gamex_vault/web3-auth/.gitignore [42ms]
2023-07-17 10:18:50.329 [info] > git cat-file -s 2eea525d885d5148108f6f3a9a8613863f783d36 [22ms]
2023-07-17 10:18:50.755 [info] > git show --textconv :.gitconfig [46ms]
2023-07-17 10:18:50.758 [info] > git ls-files --stage -- /Users/Einpunk Community/Documents/Brownie/brownie_gamex_vault/web3-auth/.gitconfig [47ms]
2023-07-17 10:18:50.781 [info] > git cat-file -s f075a801d71e7666273f33b22d9188ee59fa828c [22ms]
2023-07-17 10:18:54.240 [info] > git config --get commit.template [23ms]
2023-07-17 10:18:54.244 [info] > git for-each-ref --format=%(refname)%00%(upstream:short)%00%(objectname)%00%(upstream:track)%00%(upstream:remotename)%00%(upstream:remoteref) --ignore-case refs/heads/gamex refs/remotes/gamex [26ms]
2023-07-17 10:18:55.308 [info] > git status -z -uall [1063ms]
2023-07-17 10:19:09.921 [info] > git config --get commit.template [35ms]
2023-07-17 10:19:09.926 [info] > git for-each-ref --format=%(refname)%00%(upstream:short)%00%(objectname)%00%(upstream:track)%00%(upstream:remotename)%00%(upstream:remoteref) --ignore-case refs/heads/gamex refs/remotes/gamex [39ms]
2023-07-17 10:19:11.090 [info] > git status -z -uall [1163ms]
2023-07-17 10:19:37.359 [info] > git check-ignore -v -z --stdin [117ms]
2023-07-17 10:19:41.232 [info] > git config --get commit.template [37ms]
2023-07-17 10:19:41.240 [info] > git for-each-ref --format=%(refname)%00%(upstream:short)%00%(objectname)%00%(upstream:track)%00%(upstream:remotename)%00%(upstream:remoteref) --ignore-case refs/heads/gamex refs/remotes/gamex [43ms]
2023-07-17 10:19:42.259 [info] > git status -z -uall [1018ms]
2023-07-17 10:19:49.355 [info] > git config --get commit.template [23ms]
2023-07-17 10:19:49.357 [info] > git for-each-ref --format=%(refname)%00%(upstream:short)%00%(objectname)%00%(upstream:track)%00%(upstream:remotename)%00%(upstream:remoteref) --ignore-case refs/heads/gamex refs/remotes/gamex [23ms]
2023-07-17 10:19:50.187 [info] > git status -z -uall [829ms]
2023-07-17 10:19:54.157 [info] > git ls-files --stage -- /Users/Einpunk Community/Documents/Brownie/brownie_gamex_vault/web3-auth/package.json [52ms]
2023-07-17 10:19:54.158 [info] > git show --textconv :package.json [56ms]
2023-07-17 10:19:54.183 [info] > git cat-file -s 5326fd6c245115cf280e76f5b97172268fd1f177 [25ms]
2023-07-17 10:19:55.315 [info] > git config --get commit.template [27ms]
2023-07-17 10:19:55.317 [info] > git for-each-ref --format=%(refname)%00%(upstream:short)%00%(objectname)%00%(upstream:track)%00%(upstream:remotename)%00%(upstream:remoteref) --ignore-case refs/heads/gamex refs/remotes/gamex [26ms]
2023-07-17 10:19:55.992 [info] > git status -z -uall [674ms]
2023-07-17 10:19:59.367 [info] > git show --textconv :.yarnrc [43ms]
2023-07-17 10:19:59.368 [info] > git ls-files --stage -- /Users/Einpunk Community/Documents/Brownie/brownie_gamex_vault/web3-auth/.yarnrc [41ms]
2023-07-17 10:19:59.394 [info] > git cat-file -s 816d4ba57ba0143a3bf9dd2337a94cb6bbbf225e [24ms]
2023-07-17 10:20:01.100 [info] > git config --get commit.template [18ms]
2023-07-17 10:20:01.102 [info] > git for-each-ref --format=%(refname)%00%(upstream:short)%00%(objectname)%00%(upstream:track)%00%(upstream:remotename)%00%(upstream:remoteref) --ignore-case refs/heads/gamex refs/remotes/gamex [19ms]
2023-07-17 10:20:01.774 [info] > git show --textconv :.profile [44ms]
2023-07-17 10:20:01.785 [info] > git ls-files --stage -- /Users/Einpunk Community/Documents/Brownie/brownie_gamex_vault/web3-auth/.profile [41ms]
2023-07-17 10:20:01.808 [info] > git cat-file -s 747deca3ccb004a08763a5d1b89ee73b9b4be275 [22ms]
2023-07-17 10:20:02.210 [info] > git show --textconv :.lesshst [38ms]
2023-07-17 10:20:02.213 [info] > git ls-files --stage -- /Users/Einpunk Community/Documents/Brownie/brownie_gamex_vault/web3-auth/.lesshst [40ms]
2023-07-17 10:20:02.241 [info] > git cat-file -s 4d1c30b7a5849ed583fdcd6367ab3e2377e84cb0 [27ms]
2023-07-17 10:20:02.281 [info] > git status -z -uall [1178ms]
2023-07-17 10:20:04.025 [info] > git check-ignore -v -z --stdin [23ms]
2023-07-17 10:20:05.996 [info] > git check-ignore -v -z --stdin [47ms]
2023-07-17 10:20:09.899 [info] > git config --get commit.template [27ms]
2023-07-17 10:20:09.902 [info] > git for-each-ref --format=%(refname)%00%(upstream:short)%00%(objectname)%00%(upstream:track)%00%(upstream:remotename)%00%(upstream:remoteref) --ignore-case refs/heads/gamex refs/remotes/gamex [27ms]
2023-07-17 10:20:10.609 [info] > git status -z -uall [706ms]
2023-07-17 10:20:22.357 [info] > git check-ignore -v -z --stdin [37ms]
2023-07-17 10:20:22.427 [info] > git config --get commit.template [27ms]
2023-07-17 10:20:22.432 [info] > git for-each-ref --format=%(refname)%00%(upstream:short)%00%(objectname)%00%(upstream:track)%00%(upstream:remotename)%00%(upstream:remoteref) --ignore-case refs/heads/gamex refs/remotes/gamex [30ms]
2023-07-17 10:20:23.595 [info] > git status -z -uall [1162ms]
2023-07-17 10:20:30.573 [info] > git check-ignore -v -z --stdin [39ms]
2023-07-17 10:21:31.298 [info] > git check-ignore -v -z --stdin [51ms]
2023-07-17 10:35:38.191 [info] > git config --get commit.template [51ms]
2023-07-17 10:35:38.200 [info] > git for-each-ref --format=%(refname)%00%(upstream:short)%00%(objectname)%00%(upstream:track)%00%(upstream:remotename)%00%(upstream:remoteref) --ignore-case refs/heads/gamex refs/remotes/gamex [57ms]
2023-07-17 10:35:38.311 [info] > git ls-files --stage -- /Users/Einpunk Community/Documents/Brownie/brownie_gamex_vault/web3-auth/blog.html [107ms]
2023-07-17 10:35:38.417 [info] > git ls-files --stage -- /Users/Einpunk Community/Documents/Brownie/brownie_gamex_vault/web3-auth/.lesshst [207ms]
2023-07-17 10:35:38.420 [info] > git ls-files --stage -- /Users/Einpunk Community/Documents/Brownie/brownie_gamex_vault/web3-auth/single-blog.html [213ms]
2023-07-17 10:35:38.439 [info] > git cat-file -s 71fa57eb563abd39df79166e33fd7045ef96b0bf [23ms]
2023-07-17 10:35:38.442 [info] > git cat-file -s 4d1c30b7a5849ed583fdcd6367ab3e2377e84cb0 [22ms]
2023-07-17 10:35:38.444 [info] > git cat-file -s d4f15c77ce5a3ed3f214fc620da65719fff162c7 [22ms]
2023-07-17 10:35:38.580 [info] > git show --textconv :blog.html [93ms]
2023-07-17 10:35:38.580 [info] > git show --textconv :.lesshst [89ms]
2023-07-17 10:35:38.585 [info] > git show --textconv :single-blog.html [83ms]
2023-07-17 10:35:39.215 [info] > git status -z -uall [1013ms]
2023-07-17 10:35:39.836 [info] > git rev-parse --show-toplevel [38ms]
2023-07-17 10:35:39.893 [info] > git rev-parse --git-dir --git-common-dir [55ms]
2023-07-17 10:35:39.903 [info] Open repository: /Users/Einpunk Community/Documents/Brownie/brownie_gamex_vault/web3-auth/nvm-ssh/.nvm
2023-07-17 10:35:39.933 [info] > git config --get commit.template [28ms]
2023-07-17 10:35:39.938 [info] > git for-each-ref --format=%(refname)%00%(upstream:short)%00%(objectname)%00%(upstream:track)%00%(upstream:remotename)%00%(upstream:remoteref) --ignore-case refs/heads/master refs/remotes/master [32ms]
2023-07-17 10:35:39.982 [info] > git status -z -uall [43ms]
2023-07-17 10:35:40.002 [info] > git config --get commit.template [16ms]
2023-07-17 10:35:40.004 [info] > git for-each-ref --format=%(refname)%00%(upstream:short)%00%(objectname)%00%(upstream:track)%00%(upstream:remotename)%00%(upstream:remoteref) --ignore-case refs/heads/master refs/remotes/master [17ms]
2023-07-17 10:35:40.047 [info] > git status -z -uall [42ms]
2023-07-17 10:35:40.864 [info] > git check-ignore -v -z --stdin [37ms]
2023-07-17 10:35:40.867 [info] > git check-ignore -v -z --stdin [35ms]
2023-07-17 10:35:40.939 [info] > git check-ignore -v -z --stdin [115ms]
2023-07-17 10:35:44.402 [info] > git config --get commit.template [18ms]
2023-07-17 10:35:44.404 [info] > git for-each-ref --format=%(refname)%00%(upstream:short)%00%(objectname)%00%(upstream:track)%00%(upstream:remotename)%00%(upstream:remoteref) --ignore-case refs/heads/gamex refs/remotes/gamex [19ms]
2023-07-17 10:35:45.075 [info] > git status -z -uall [670ms]
2023-07-17 10:35:50.182 [info] > git config --get commit.template [31ms]
2023-07-17 10:35:50.184 [info] > git for-each-ref --format=%(refname)%00%(upstream:short)%00%(objectname)%00%(upstream:track)%00%(upstream:remotename)%00%(upstream:remoteref) --ignore-case refs/heads/gamex refs/remotes/gamex [31ms]
2023-07-17 10:35:50.855 [info] > git status -z -uall [670ms]
2023-07-17 10:36:17.663 [info] > git config --get commit.template [49ms]
2023-07-17 10:36:17.663 [info] > git config --get commit.template [53ms]
2023-07-17 10:36:17.663 [info] > git config --get commit.template [56ms]
2023-07-17 10:36:17.678 [info] > git for-each-ref --format=%(refname)%00%(upstream:short)%00%(objectname)%00%(upstream:track)%00%(upstream:remotename)%00%(upstream:remoteref) --ignore-case refs/heads/master refs/remotes/master [56ms]
2023-07-17 10:36:17.681 [info] > git for-each-ref --format=%(refname)%00%(upstream:short)%00%(objectname)%00%(upstream:track)%00%(upstream:remotename)%00%(upstream:remoteref) --ignore-case refs/heads/master refs/remotes/master [50ms]
2023-07-17 10:36:17.683 [info] > git for-each-ref --format=%(refname)%00%(upstream:short)%00%(objectname)%00%(upstream:track)%00%(upstream:remotename)%00%(upstream:remoteref) --ignore-case refs/heads/gamex refs/remotes/gamex [57ms]
2023-07-17 10:36:17.719 [info] > git status -z -uall [39ms]
2023-07-17 10:36:17.791 [info] > git ls-files --stage -- /Users/Einpunk Community/Documents/Brownie/brownie_gamex_vault/web3-auth/single-blog.html [187ms]
2023-07-17 10:36:17.803 [info] > git ls-files --stage -- /Users/Einpunk Community/Documents/Brownie/brownie_gamex_vault/web3-auth/blog.html [203ms]
2023-07-17 10:36:17.828 [info] > git ls-files --stage -- /Users/Einpunk Community/Documents/Brownie/brownie_gamex_vault/web3-auth/.lesshst [223ms]
2023-07-17 10:36:17.831 [info] > git status -z -uall [149ms]
2023-07-17 10:36:17.832 [info] > git cat-file -s 71fa57eb563abd39df79166e33fd7045ef96b0bf [28ms]
2023-07-17 10:36:17.832 [info] > git cat-file -s d4f15c77ce5a3ed3f214fc620da65719fff162c7 [30ms]
2023-07-17 10:36:17.852 [info] > git cat-file -s 4d1c30b7a5849ed583fdcd6367ab3e2377e84cb0 [22ms]
2023-07-17 10:36:17.883 [info] > git show --textconv :blog.html [46ms]
2023-07-17 10:36:17.885 [info] > git show --textconv :single-blog.html [46ms]
2023-07-17 10:36:17.900 [info] > git show --textconv :.lesshst [34ms]
2023-07-17 10:36:18.503 [info] > git status -z -uall [818ms]
2023-07-17 10:36:23.658 [info] > git config --get commit.template [22ms]
2023-07-17 10:36:23.659 [info] > git for-each-ref --format=%(refname)%00%(upstream:short)%00%(objectname)%00%(upstream:track)%00%(upstream:remotename)%00%(upstream:remoteref) --ignore-case refs/heads/gamex refs/remotes/gamex [22ms]
2023-07-17 10:36:24.327 [info] > git status -z -uall [666ms]
2023-07-17 10:36:27.130 [info] > git check-ignore -v -z --stdin [46ms]
2023-07-17 10:36:29.434 [info] > git config --get commit.template [24ms]
2023-07-17 10:36:29.437 [info] > git for-each-ref --format=%(refname)%00%(upstream:short)%00%(objectname)%00%(upstream:track)%00%(upstream:remotename)%00%(upstream:remoteref) --ignore-case refs/heads/gamex refs/remotes/gamex [26ms]
2023-07-17 10:36:30.105 [info] > git status -z -uall [667ms]
2023-07-17 10:36:35.201 [info] > git config --get commit.template [20ms]
2023-07-17 10:36:35.203 [info] > git for-each-ref --format=%(refname)%00%(upstream:short)%00%(objectname)%00%(upstream:track)%00%(upstream:remotename)%00%(upstream:remoteref) --ignore-case refs/heads/gamex refs/remotes/gamex [20ms]
2023-07-17 10:36:35.835 [info] > git status -z -uall [631ms]
2023-07-17 10:36:38.684 [info] > git show --textconv :blog.html [42ms]
2023-07-17 10:36:38.686 [info] > git ls-files --stage -- /Users/Einpunk Community/Documents/Brownie/brownie_gamex_vault/web3-auth/blog.html [43ms]
2023-07-17 10:36:38.704 [info] > git cat-file -s 71fa57eb563abd39df79166e33fd7045ef96b0bf [17ms]
2023-07-17 10:36:40.942 [info] > git config --get commit.template [30ms]
2023-07-17 10:36:40.945 [info] > git for-each-ref --format=%(refname)%00%(upstream:short)%00%(objectname)%00%(upstream:track)%00%(upstream:remotename)%00%(upstream:remoteref) --ignore-case refs/heads/gamex refs/remotes/gamex [29ms]
2023-07-17 10:36:41.604 [info] > git status -z -uall [658ms]
2023-07-17 10:37:08.569 [info] > git config --get commit.template [22ms]
2023-07-17 10:37:08.572 [info] > git for-each-ref --format=%(refname)%00%(upstream:short)%00%(objectname)%00%(upstream:track)%00%(upstream:remotename)%00%(upstream:remoteref) --ignore-case refs/heads/gamex refs/remotes/gamex [24ms]
2023-07-17 10:37:09.518 [info] > git status -z -uall [945ms]
2023-07-17 10:37:18.189 [info] > git config --get commit.template [47ms]
2023-07-17 10:37:18.193 [info] > git for-each-ref --format=%(refname)%00%(upstream:short)%00%(objectname)%00%(upstream:track)%00%(upstream:remotename)%00%(upstream:remoteref) --ignore-case refs/heads/gamex refs/remotes/gamex [49ms]
2023-07-17 10:37:19.134 [info] > git status -z -uall [939ms]
2023-07-17 10:37:24.246 [info] > git config --get commit.template [28ms]
2023-07-17 10:37:24.250 [info] > git for-each-ref --format=%(refname)%00%(upstream:short)%00%(objectname)%00%(upstream:track)%00%(upstream:remotename)%00%(upstream:remoteref) --ignore-case refs/heads/gamex refs/remotes/gamex [29ms]
2023-07-17 10:37:24.927 [info] > git status -z -uall [676ms]
2023-07-17 10:37:30.032 [info] > git config --get commit.template [23ms]
2023-07-17 10:37:30.034 [info] > git for-each-ref --format=%(refname)%00%(upstream:short)%00%(objectname)%00%(upstream:track)%00%(upstream:remotename)%00%(upstream:remoteref) --ignore-case refs/heads/gamex refs/remotes/gamex [24ms]
2023-07-17 10:37:30.692 [info] > git status -z -uall [657ms]
2023-07-17 10:37:39.876 [info] > git config --get commit.template [29ms]
2023-07-17 10:37:39.880 [info] > git for-each-ref --format=%(refname)%00%(upstream:short)%00%(objectname)%00%(upstream:track)%00%(upstream:remotename)%00%(upstream:remoteref) --ignore-case refs/heads/gamex refs/remotes/gamex [31ms]
2023-07-17 10:37:40.623 [info] > git status -z -uall [742ms]
2023-07-17 10:37:43.283 [info] > git config --get commit.template [24ms]
2023-07-17 10:37:43.283 [info] > git config --get commit.template [26ms]
2023-07-17 10:37:43.284 [info] > git for-each-ref --format=%(refname)%00%(upstream:short)%00%(objectname)%00%(upstream:track)%00%(upstream:remotename)%00%(upstream:remoteref) --ignore-case refs/heads/master refs/remotes/master [25ms]
2023-07-17 10:37:43.286 [info] > git for-each-ref --format=%(refname)%00%(upstream:short)%00%(objectname)%00%(upstream:track)%00%(upstream:remotename)%00%(upstream:remoteref) --ignore-case refs/heads/master refs/remotes/master [26ms]
2023-07-17 10:37:43.311 [info] > git status -z -uall [24ms]
2023-07-17 10:37:43.337 [info] > git status -z -uall [52ms]
2023-07-17 10:37:43.392 [info] > git ls-files --stage -- /Users/Einpunk Community/Documents/Brownie/brownie_gamex_vault/web3-auth/blog.html [36ms]
2023-07-17 10:37:43.410 [info] > git cat-file -s 4b00341d45aecc776673c306084b33b73a12e49b [17ms]
2023-07-17 10:37:43.445 [info] > git show --textconv :blog.html [33ms]
2023-07-17 10:37:45.736 [info] > git config --get commit.template [30ms]
2023-07-17 10:37:45.738 [info] > git for-each-ref --format=%(refname)%00%(upstream:short)%00%(objectname)%00%(upstream:track)%00%(upstream:remotename)%00%(upstream:remoteref) --ignore-case refs/heads/gamex refs/remotes/gamex [30ms]
2023-07-17 10:37:46.416 [info] > git status -z -uall [677ms]
2023-07-17 10:37:47.454 [info] > git show --textconv :.env [36ms]
2023-07-17 10:37:47.458 [info] > git ls-files --stage -- /Users/Einpunk Community/Documents/Brownie/brownie_gamex_vault/web3-auth/.env [38ms]
2023-07-17 10:37:48.852 [info] > git show --textconv :.gitconfig [36ms]
2023-07-17 10:37:48.854 [info] > git ls-files --stage -- /Users/Einpunk Community/Documents/Brownie/brownie_gamex_vault/web3-auth/.gitconfig [36ms]
2023-07-17 10:37:48.880 [info] > git cat-file -s f075a801d71e7666273f33b22d9188ee59fa828c [25ms]
2023-07-17 10:37:51.526 [info] > git config --get commit.template [28ms]
2023-07-17 10:37:51.529 [info] > git for-each-ref --format=%(refname)%00%(upstream:short)%00%(objectname)%00%(upstream:track)%00%(upstream:remotename)%00%(upstream:remoteref) --ignore-case refs/heads/gamex refs/remotes/gamex [29ms]
2023-07-17 10:37:52.168 [info] > git status -z -uall [638ms]
2023-07-17 10:38:26.227 [info] > git config --get commit.template [31ms]
2023-07-17 10:38:26.234 [info] > git for-each-ref --format=%(refname)%00%(upstream:short)%00%(objectname)%00%(upstream:track)%00%(upstream:remotename)%00%(upstream:remoteref) --ignore-case refs/heads/gamex refs/remotes/gamex [35ms]
2023-07-17 10:38:27.320 [info] > git status -z -uall [1085ms]
2023-07-17 10:38:38.796 [info] > git config --get commit.template [25ms]
2023-07-17 10:38:38.804 [info] > git for-each-ref --format=%(refname)%00%(upstream:short)%00%(objectname)%00%(upstream:track)%00%(upstream:remotename)%00%(upstream:remoteref) --ignore-case refs/heads/gamex refs/remotes/gamex [29ms]
2023-07-17 10:38:39.565 [info] > git status -z -uall [760ms]
2023-07-17 10:47:48.197 [info] > git config --get commit.template [50ms]
2023-07-17 10:47:48.198 [info] > git config --get commit.template [52ms]
2023-07-17 10:47:48.199 [info] > git config --get commit.template [51ms]
2023-07-17 10:47:48.204 [info] > git for-each-ref --format=%(refname)%00%(upstream:short)%00%(objectname)%00%(upstream:track)%00%(upstream:remotename)%00%(upstream:remoteref) --ignore-case refs/heads/master refs/remotes/master [45ms]
2023-07-17 10:47:48.209 [info] > git for-each-ref --format=%(refname)%00%(upstream:short)%00%(objectname)%00%(upstream:track)%00%(upstream:remotename)%00%(upstream:remoteref) --ignore-case refs/heads/master refs/remotes/master [54ms]
2023-07-17 10:47:48.210 [info] > git for-each-ref --format=%(refname)%00%(upstream:short)%00%(objectname)%00%(upstream:track)%00%(upstream:remotename)%00%(upstream:remoteref) --ignore-case refs/heads/gamex refs/remotes/gamex [47ms]
2023-07-17 10:47:48.258 [info] > git ls-files --stage -- /Users/Einpunk Community/Documents/Brownie/brownie_gamex_vault/web3-auth/blog.html [71ms]
2023-07-17 10:47:48.265 [info] > git ls-files --stage -- /Users/Einpunk Community/Documents/Brownie/brownie_gamex_vault/web3-auth/.gitconfig [73ms]
2023-07-17 10:47:48.268 [info] > git status -z -uall [60ms]
2023-07-17 10:47:48.348 [info] > git status -z -uall [138ms]
2023-07-17 10:47:48.354 [info] > git cat-file -s e95af23f2195eecbf4c592f8885a5dfa23c9683e [86ms]
2023-07-17 10:47:48.369 [info] > git cat-file -s 4b00341d45aecc776673c306084b33b73a12e49b [108ms]
2023-07-17 10:47:48.548 [info] > git show --textconv :.gitconfig [85ms]
2023-07-17 10:47:48.551 [info] > git show --textconv :blog.html [80ms]
2023-07-17 10:47:49.092 [info] > git status -z -uall [880ms]
2023-07-17 10:47:54.243 [info] > git config --get commit.template [29ms]
2023-07-17 10:47:54.246 [info] > git for-each-ref --format=%(refname)%00%(upstream:short)%00%(objectname)%00%(upstream:track)%00%(upstream:remotename)%00%(upstream:remoteref) --ignore-case refs/heads/gamex refs/remotes/gamex [30ms]
2023-07-17 10:47:54.911 [info] > git status -z -uall [664ms]
2023-07-17 10:48:09.230 [info] > git config --get commit.template [28ms]
2023-07-17 10:48:09.234 [info] > git for-each-ref --format=%(refname)%00%(upstream:short)%00%(objectname)%00%(upstream:track)%00%(upstream:remotename)%00%(upstream:remoteref) --ignore-case refs/heads/gamex refs/remotes/gamex [30ms]
2023-07-17 10:48:09.385 [info] > git ls-files --stage -- /Users/Einpunk Community/Documents/Brownie/brownie_gamex_vault/web3-auth/.gitconfig [37ms]
2023-07-17 10:48:09.386 [info] > git ls-files --stage -- /Users/Einpunk Community/Documents/Brownie/brownie_gamex_vault/web3-auth/blog.html [39ms]
2023-07-17 10:48:09.402 [info] > git cat-file -s 4b00341d45aecc776673c306084b33b73a12e49b [15ms]
2023-07-17 10:48:09.403 [info] > git cat-file -s e95af23f2195eecbf4c592f8885a5dfa23c9683e [17ms]
2023-07-17 10:48:09.436 [info] > git show --textconv :blog.html [32ms]
2023-07-17 10:48:09.436 [info] > git show --textconv :.gitconfig [31ms]
2023-07-17 10:48:09.883 [info] > git status -z -uall [647ms]
2023-07-17 10:55:44.441 [info] > git config --get commit.template [112ms]
2023-07-17 10:55:44.443 [info] > git for-each-ref --format=%(refname)%00%(upstream:short)%00%(objectname)%00%(upstream:track)%00%(upstream:remotename)%00%(upstream:remoteref) --ignore-case refs/heads/gamex refs/remotes/gamex [109ms]
2023-07-17 10:55:45.007 [info] > git config --get commit.template [23ms]
2023-07-17 10:55:45.011 [info] > git for-each-ref --format=%(refname)%00%(upstream:short)%00%(objectname)%00%(upstream:track)%00%(upstream:remotename)%00%(upstream:remoteref) --ignore-case refs/heads/master refs/remotes/master [24ms]
2023-07-17 10:55:45.048 [info] > git status -z -uall [35ms]
2023-07-17 10:55:45.132 [info] > git ls-files --stage -- /Users/Einpunk Community/Documents/Brownie/brownie_gamex_vault/web3-auth/blog.html [49ms]
2023-07-17 10:55:45.135 [info] > git ls-files --stage -- /Users/Einpunk Community/Documents/Brownie/brownie_gamex_vault/web3-auth/.gitconfig [50ms]
2023-07-17 10:55:45.160 [info] > git cat-file -s 4b00341d45aecc776673c306084b33b73a12e49b [26ms]
2023-07-17 10:55:45.164 [info] > git cat-file -s e95af23f2195eecbf4c592f8885a5dfa23c9683e [27ms]
2023-07-17 10:55:45.206 [info] > git show --textconv :blog.html [42ms]
2023-07-17 10:55:45.208 [info] > git show --textconv :.gitconfig [40ms]
2023-07-17 10:55:45.473 [info] > git status -z -uall [1027ms]
2023-07-17 10:55:47.980 [info] > git ls-files --stage -- /Users/Einpunk Community/Documents/Brownie/brownie_gamex_vault/web3-auth/blog.html [46ms]
2023-07-17 10:55:47.985 [info] > git ls-files --stage -- /Users/Einpunk Community/Documents/Brownie/brownie_gamex_vault/web3-auth/.gitconfig [48ms]
2023-07-17 10:55:48.008 [info] > git cat-file -s 4b00341d45aecc776673c306084b33b73a12e49b [27ms]
2023-07-17 10:55:48.020 [info] > git cat-file -s e95af23f2195eecbf4c592f8885a5dfa23c9683e [34ms]
2023-07-17 10:55:48.050 [info] > git show --textconv :blog.html [37ms]
2023-07-17 10:55:48.057 [info] > git show --textconv :.gitconfig [34ms]
2023-07-17 10:55:59.240 [info] > git config --get commit.template [39ms]
2023-07-17 10:55:59.240 [info] > git config --get commit.template [36ms]
2023-07-17 10:55:59.247 [info] > git for-each-ref --format=%(refname)%00%(upstream:short)%00%(objectname)%00%(upstream:track)%00%(upstream:remotename)%00%(upstream:remoteref) --ignore-case refs/heads/master refs/remotes/master [33ms]
2023-07-17 10:55:59.254 [info] > git for-each-ref --format=%(refname)%00%(upstream:short)%00%(objectname)%00%(upstream:track)%00%(upstream:remotename)%00%(upstream:remoteref) --ignore-case refs/heads/gamex refs/remotes/gamex [39ms]
2023-07-17 10:55:59.283 [info] > git status -z -uall [34ms]
2023-07-17 10:55:59.956 [info] > git status -z -uall [701ms]
2023-07-17 10:58:38.708 [info] > git config --get commit.template [33ms]
2023-07-17 10:58:38.713 [info] > git for-each-ref --format=%(refname)%00%(upstream:short)%00%(objectname)%00%(upstream:track)%00%(upstream:remotename)%00%(upstream:remoteref) --ignore-case refs/heads/gamex refs/remotes/gamex [37ms]
2023-07-17 10:58:39.432 [info] > git status -z -uall [718ms]
2023-07-17 10:58:44.471 [info] > git config --get commit.template [28ms]
2023-07-17 10:58:44.476 [info] > git for-each-ref --format=%(refname)%00%(upstream:short)%00%(objectname)%00%(upstream:track)%00%(upstream:remotename)%00%(upstream:remoteref) --ignore-case refs/heads/gamex refs/remotes/gamex [32ms]
2023-07-17 10:58:45.587 [info] > git status -z -uall [1110ms]
2023-07-17 11:00:02.093 [info] > git config --get commit.template [35ms]
2023-07-17 11:00:02.094 [info] > git config --get commit.template [32ms]
2023-07-17 11:00:02.098 [info] > git for-each-ref --format=%(refname)%00%(upstream:short)%00%(objectname)%00%(upstream:track)%00%(upstream:remotename)%00%(upstream:remoteref) --ignore-case refs/heads/master refs/remotes/master [28ms]
2023-07-17 11:00:02.099 [info] > git for-each-ref --format=%(refname)%00%(upstream:short)%00%(objectname)%00%(upstream:track)%00%(upstream:remotename)%00%(upstream:remoteref) --ignore-case refs/heads/gamex refs/remotes/gamex [32ms]
2023-07-17 11:00:02.136 [info] > git status -z -uall [36ms]
2023-07-17 11:00:02.271 [info] > git ls-files --stage -- /Users/Einpunk Community/Documents/Brownie/brownie_gamex_vault/web3-auth/.gitconfig [49ms]
2023-07-17 11:00:02.285 [info] > git ls-files --stage -- /Users/Einpunk Community/Documents/Brownie/brownie_gamex_vault/web3-auth/blog.html [66ms]
2023-07-17 11:00:02.310 [info] > git cat-file -s e95af23f2195eecbf4c592f8885a5dfa23c9683e [37ms]
2023-07-17 11:00:02.317 [info] > git cat-file -s 4b00341d45aecc776673c306084b33b73a12e49b [30ms]
2023-07-17 11:00:02.357 [info] > git show --textconv :.gitconfig [42ms]
2023-07-17 11:00:02.361 [info] > git show --textconv :blog.html [41ms]
2023-07-17 11:00:02.976 [info] > git status -z -uall [876ms]
2023-07-17 11:00:36.916 [info] > git config --get commit.template [29ms]
2023-07-17 11:00:36.917 [info] > git config --get commit.template [29ms]
2023-07-17 11:00:36.927 [info] > git for-each-ref --format=%(refname)%00%(upstream:short)%00%(objectname)%00%(upstream:track)%00%(upstream:remotename)%00%(upstream:remoteref) --ignore-case refs/heads/gamex refs/remotes/gamex [35ms]
2023-07-17 11:00:36.931 [info] > git for-each-ref --format=%(refname)%00%(upstream:short)%00%(objectname)%00%(upstream:track)%00%(upstream:remotename)%00%(upstream:remoteref) --ignore-case refs/heads/master refs/remotes/master [36ms]
2023-07-17 11:00:37.078 [info] > git ls-files --stage -- /Users/Einpunk Community/Documents/Brownie/brownie_gamex_vault/web3-auth/.gitconfig [175ms]
2023-07-17 11:00:37.082 [info] > git ls-files --stage -- /Users/Einpunk Community/Documents/Brownie/brownie_gamex_vault/web3-auth/blog.html [183ms]
2023-07-17 11:00:37.092 [info] > git status -z -uall [158ms]
2023-07-17 11:00:37.110 [info] > git cat-file -s e95af23f2195eecbf4c592f8885a5dfa23c9683e [28ms]
2023-07-17 11:00:37.115 [info] > git cat-file -s 4b00341d45aecc776673c306084b33b73a12e49b [29ms]
2023-07-17 11:00:37.251 [info] > git show --textconv :blog.html [133ms]
2023-07-17 11:00:37.252 [info] > git show --textconv :.gitconfig [137ms]
2023-07-17 11:00:38.169 [info] > git status -z -uall [1239ms]
2023-07-17 11:00:47.222 [info] > git config --get commit.template [29ms]
2023-07-17 11:00:47.225 [info] > git for-each-ref --format=%(refname)%00%(upstream:short)%00%(objectname)%00%(upstream:track)%00%(upstream:remotename)%00%(upstream:remoteref) --ignore-case refs/heads/master refs/remotes/master [29ms]
2023-07-17 11:00:47.249 [info] > git status -z -uall [23ms]
2023-07-17 11:00:47.447 [info] > git config --get commit.template [21ms]
2023-07-17 11:00:47.452 [info] > git for-each-ref --format=%(refname)%00%(upstream:short)%00%(objectname)%00%(upstream:track)%00%(upstream:remotename)%00%(upstream:remoteref) --ignore-case refs/heads/gamex refs/remotes/gamex [24ms]
2023-07-17 11:00:48.188 [info] > git status -z -uall [735ms]
2023-07-17 11:01:00.040 [info] > git config --get commit.template [26ms]
2023-07-17 11:01:00.042 [info] > git for-each-ref --format=%(refname)%00%(upstream:short)%00%(objectname)%00%(upstream:track)%00%(upstream:remotename)%00%(upstream:remoteref) --ignore-case refs/heads/master refs/remotes/master [26ms]
2023-07-17 11:01:00.089 [info] > git status -z -uall [46ms]
2023-07-17 11:01:41.286 [info] > git config --get commit.template [66ms]
2023-07-17 11:01:41.293 [info] > git for-each-ref --format=%(refname)%00%(upstream:short)%00%(objectname)%00%(upstream:track)%00%(upstream:remotename)%00%(upstream:remoteref) --ignore-case refs/heads/master refs/remotes/master [62ms]
2023-07-17 11:01:41.608 [info] > git status -z -uall [311ms]
2023-07-17 11:01:51.866 [info] > git check-ignore -v -z --stdin [32ms]
2023-07-17 11:11:47.639 [info] > git check-ignore -v -z --stdin [39ms]
2023-07-17 11:28:49.699 [info] > git config --get commit.template [39ms]
2023-07-17 11:28:49.701 [info] > git config --get commit.template [40ms]
2023-07-17 11:28:49.702 [info] > git config --get commit.template [37ms]
2023-07-17 11:28:49.703 [info] > git config --get commit.template [40ms]
2023-07-17 11:28:49.712 [info] > git for-each-ref --format=%(refname)%00%(upstream:short)%00%(objectname)%00%(upstream:track)%00%(upstream:remotename)%00%(upstream:remoteref) --ignore-case refs/heads/gamex refs/remotes/gamex [42ms]
2023-07-17 11:28:49.721 [info] > git for-each-ref --format=%(refname)%00%(upstream:short)%00%(objectname)%00%(upstream:track)%00%(upstream:remotename)%00%(upstream:remoteref) --ignore-case refs/heads/master refs/remotes/master [44ms]
2023-07-17 11:28:49.726 [info] > git for-each-ref --format=%(refname)%00%(upstream:short)%00%(objectname)%00%(upstream:track)%00%(upstream:remotename)%00%(upstream:remoteref) --ignore-case refs/heads/master refs/remotes/master [52ms]
2023-07-17 11:28:49.768 [info] > git for-each-ref --format=%(refname)%00%(upstream:short)%00%(objectname)%00%(upstream:track)%00%(upstream:remotename)%00%(upstream:remoteref) --ignore-case refs/heads/master refs/remotes/master [84ms]
2023-07-17 11:28:49.998 [info] > git status -z -uall [273ms]
2023-07-17 11:28:49.998 [info] > git status -z -uall [226ms]
2023-07-17 11:28:50.044 [info] > git status -z -uall [284ms]
2023-07-17 11:28:50.709 [info] > git status -z -uall [991ms]
2023-07-17 11:28:50.710 [info] > git ls-files --stage -- /Users/Einpunk Community/Documents/Brownie/brownie_gamex_vault/web3-auth/.gitconfig [417ms]
2023-07-17 11:28:50.711 [info] > git ls-files --stage -- /Users/Einpunk Community/Documents/Brownie/brownie_gamex_vault/web3-auth/blog.html [421ms]
2023-07-17 11:28:50.795 [info] > git cat-file -s e95af23f2195eecbf4c592f8885a5dfa23c9683e [84ms]
2023-07-17 11:28:50.798 [info] > git cat-file -s 4b00341d45aecc776673c306084b33b73a12e49b [86ms]
2023-07-17 11:28:50.897 [info] > git show --textconv :.gitconfig [42ms]
2023-07-17 11:28:50.898 [info] > git show --textconv :blog.html [40ms]
2023-07-17 11:31:19.000 [info] > git config --get commit.template [63ms]
2023-07-17 11:31:19.001 [info] > git config --get commit.template [65ms]
2023-07-17 11:31:19.001 [info] > git config --get commit.template [66ms]
2023-07-17 11:31:19.002 [info] > git config --get commit.template [71ms]
2023-07-17 11:31:19.054 [info] > git for-each-ref --format=%(refname)%00%(upstream:short)%00%(objectname)%00%(upstream:track)%00%(upstream:remotename)%00%(upstream:remoteref) --ignore-case refs/heads/master refs/remotes/master [100ms]
2023-07-17 11:31:19.056 [info] > git for-each-ref --format=%(refname)%00%(upstream:short)%00%(objectname)%00%(upstream:track)%00%(upstream:remotename)%00%(upstream:remoteref) --ignore-case refs/heads/gamex refs/remotes/gamex [90ms]
2023-07-17 11:31:19.059 [info] > git for-each-ref --format=%(refname)%00%(upstream:short)%00%(objectname)%00%(upstream:track)%00%(upstream:remotename)%00%(upstream:remoteref) --ignore-case refs/heads/master refs/remotes/master [103ms]
2023-07-17 11:31:19.063 [info] > git for-each-ref --format=%(refname)%00%(upstream:short)%00%(objectname)%00%(upstream:track)%00%(upstream:remotename)%00%(upstream:remoteref) --ignore-case refs/heads/master refs/remotes/master [94ms]
2023-07-17 11:31:19.124 [info] > git status -z -uall [63ms]
2023-07-17 11:31:19.160 [info] > git status -z -uall [104ms]
2023-07-17 11:31:19.355 [info] > git ls-files --stage -- /Users/Einpunk Community/Documents/Brownie/brownie_gamex_vault/web3-auth/.gitconfig [411ms]
2023-07-17 11:31:19.357 [info] > git ls-files --stage -- /Users/Einpunk Community/Documents/Brownie/brownie_gamex_vault/web3-auth/blog.html [417ms]
2023-07-17 11:31:19.386 [info] > git cat-file -s 4b00341d45aecc776673c306084b33b73a12e49b [27ms]
2023-07-17 11:31:19.386 [info] > git cat-file -s e95af23f2195eecbf4c592f8885a5dfa23c9683e [29ms]
2023-07-17 11:31:19.532 [info] > git show --textconv :.gitconfig [43ms]
2023-07-17 11:31:19.534 [info] > git show --textconv :blog.html [49ms]
2023-07-17 11:31:19.570 [info] > git status -z -uall [505ms]
2023-07-17 11:31:20.617 [info] > git status -z -uall [1559ms]
2023-07-17 11:31:24.147 [info] > git config --get commit.template [17ms]
2023-07-17 11:31:24.148 [info] > git for-each-ref --format=%(refname)%00%(upstream:short)%00%(objectname)%00%(upstream:track)%00%(upstream:remotename)%00%(upstream:remoteref) --ignore-case refs/heads/master refs/remotes/master [18ms]
2023-07-17 11:31:24.173 [info] > git status -z -uall [24ms]
2023-07-17 11:31:32.688 [info] > git config --get commit.template [54ms]
2023-07-17 11:31:32.700 [info] > git for-each-ref --format=%(refname)%00%(upstream:short)%00%(objectname)%00%(upstream:track)%00%(upstream:remotename)%00%(upstream:remoteref) --ignore-case refs/heads/gamex refs/remotes/gamex [61ms]
2023-07-17 11:31:33.425 [info] > git status -z -uall [723ms]
2023-07-17 11:31:38.268 [info] > git show --textconv :index.html [42ms]
2023-07-17 11:31:38.270 [info] > git ls-files --stage -- /Users/Einpunk Community/Documents/Brownie/brownie_gamex_vault/web3-auth/index.html [43ms]
2023-07-17 11:31:38.293 [info] > git cat-file -s ed9c8858d82a12046b111471743113486b562e84 [22ms]
2023-07-17 11:31:38.895 [info] > git show --textconv :about.html [44ms]
2023-07-17 11:31:38.897 [info] > git ls-files --stage -- /Users/Einpunk Community/Documents/Brownie/brownie_gamex_vault/web3-auth/about.html [45ms]
2023-07-17 11:31:38.920 [info] > git cat-file -s fcd04224eef859fdc2ddb0dbd7cb926505afa8bf [22ms]
2023-07-17 11:31:39.354 [info] > git config --get commit.template [21ms]
2023-07-17 11:31:39.357 [info] > git for-each-ref --format=%(refname)%00%(upstream:short)%00%(objectname)%00%(upstream:track)%00%(upstream:remotename)%00%(upstream:remoteref) --ignore-case refs/heads/gamex refs/remotes/gamex [23ms]
2023-07-17 11:31:40.002 [info] > git status -z -uall [645ms]
2023-07-17 11:31:45.895 [info] > git config --get commit.template [19ms]
2023-07-17 11:31:45.897 [info] > git for-each-ref --format=%(refname)%00%(upstream:short)%00%(objectname)%00%(upstream:track)%00%(upstream:remotename)%00%(upstream:remoteref) --ignore-case refs/heads/gamex refs/remotes/gamex [20ms]
2023-07-17 11:31:46.881 [info] > git status -z -uall [983ms]
2023-07-17 11:31:55.306 [info] > git config --get commit.template [41ms]
2023-07-17 11:31:55.306 [info] > git config --get commit.template [44ms]
2023-07-17 11:31:55.308 [info] > git config --get commit.template [39ms]
2023-07-17 11:31:55.321 [info] > git ls-files --stage -- /Users/Einpunk Community/Documents/Brownie/brownie_gamex_vault/web3-auth/blog.html [68ms]
2023-07-17 11:31:55.322 [info] > git for-each-ref --format=%(refname)%00%(upstream:short)%00%(objectname)%00%(upstream:track)%00%(upstream:remotename)%00%(upstream:remoteref) --ignore-case refs/heads/master refs/remotes/master [43ms]
2023-07-17 11:31:55.323 [info] > git for-each-ref --format=%(refname)%00%(upstream:short)%00%(objectname)%00%(upstream:track)%00%(upstream:remotename)%00%(upstream:remoteref) --ignore-case refs/heads/master refs/remotes/master [46ms]
2023-07-17 11:31:55.324 [info] > git for-each-ref --format=%(refname)%00%(upstream:short)%00%(objectname)%00%(upstream:track)%00%(upstream:remotename)%00%(upstream:remoteref) --ignore-case refs/heads/gamex refs/remotes/gamex [41ms]
2023-07-17 11:31:55.325 [info] > git ls-files --stage -- /Users/Einpunk Community/Documents/Brownie/brownie_gamex_vault/web3-auth/about.html [69ms]
2023-07-17 11:31:55.342 [info] > git cat-file -s 4b00341d45aecc776673c306084b33b73a12e49b [20ms]
2023-07-17 11:31:55.354 [info] > git cat-file -s fcd04224eef859fdc2ddb0dbd7cb926505afa8bf [28ms]
2023-07-17 11:31:55.359 [info] > git status -z -uall [36ms]
2023-07-17 11:31:55.428 [info] > git status -z -uall [104ms]
2023-07-17 11:31:55.486 [info] > git show --textconv :blog.html [141ms]
2023-07-17 11:31:55.486 [info] > git show --textconv :about.html [129ms]
2023-07-17 11:31:56.085 [info] > git status -z -uall [760ms]
2023-07-17 11:32:15.389 [info] > git check-ignore -v -z --stdin [37ms]
2023-07-17 11:32:21.088 [info] > git config --get commit.template [24ms]
2023-07-17 11:32:21.092 [info] > git for-each-ref --format=%(refname)%00%(upstream:short)%00%(objectname)%00%(upstream:track)%00%(upstream:remotename)%00%(upstream:remoteref) --ignore-case refs/heads/gamex refs/remotes/gamex [26ms]
2023-07-17 11:32:22.107 [info] > git status -z -uall [1014ms]
2023-07-17 11:32:27.141 [info] > git config --get commit.template [23ms]
2023-07-17 11:32:27.145 [info] > git for-each-ref --format=%(refname)%00%(upstream:short)%00%(objectname)%00%(upstream:track)%00%(upstream:remotename)%00%(upstream:remoteref) --ignore-case refs/heads/gamex refs/remotes/gamex [26ms]
2023-07-17 11:32:27.715 [info] > git status -z -uall [569ms]
2023-07-17 11:32:43.970 [info] > git config --get commit.template [23ms]
2023-07-17 11:32:43.973 [info] > git for-each-ref --format=%(refname)%00%(upstream:short)%00%(objectname)%00%(upstream:track)%00%(upstream:remotename)%00%(upstream:remoteref) --ignore-case refs/heads/gamex refs/remotes/gamex [24ms]
2023-07-17 11:32:44.302 [info] > git check-ignore -v -z --stdin [31ms]
2023-07-17 11:32:44.690 [info] > git status -z -uall [716ms]
2023-07-17 11:32:46.256 [info] > git show --textconv :index.html [41ms]
2023-07-17 11:32:46.257 [info] > git ls-files --stage -- /Users/Einpunk Community/Documents/Brownie/brownie_gamex_vault/web3-auth/index.html [40ms]
2023-07-17 11:32:46.277 [info] > git cat-file -s ed9c8858d82a12046b111471743113486b562e84 [19ms]
2023-07-17 11:32:46.720 [info] > git show --textconv :gamex-chart.js [33ms]
2023-07-17 11:32:46.724 [info] > git ls-files --stage -- /Users/Einpunk Community/Documents/Brownie/brownie_gamex_vault/web3-auth/gamex-chart.js [36ms]
2023-07-17 11:32:49.722 [info] > git config --get commit.template [27ms]
2023-07-17 11:32:49.724 [info] > git for-each-ref --format=%(refname)%00%(upstream:short)%00%(objectname)%00%(upstream:track)%00%(upstream:remotename)%00%(upstream:remoteref) --ignore-case refs/heads/gamex refs/remotes/gamex [28ms]
2023-07-17 11:32:50.737 [info] > git status -z -uall [1013ms]
2023-07-17 11:32:55.764 [info] > git config --get commit.template [23ms]
2023-07-17 11:32:55.771 [info] > git for-each-ref --format=%(refname)%00%(upstream:short)%00%(objectname)%00%(upstream:track)%00%(upstream:remotename)%00%(upstream:remoteref) --ignore-case refs/heads/gamex refs/remotes/gamex [27ms]
2023-07-17 11:32:56.442 [info] > git status -z -uall [670ms]
2023-07-17 11:33:01.477 [info] > git config --get commit.template [21ms]
2023-07-17 11:33:01.480 [info] > git for-each-ref --format=%(refname)%00%(upstream:short)%00%(objectname)%00%(upstream:track)%00%(upstream:remotename)%00%(upstream:remoteref) --ignore-case refs/heads/gamex refs/remotes/gamex [22ms]
