2023-07-17 14:18:18.375 [info] [perf] Render performance baseline is 35ms
2023-07-17 14:58:09.456 [error] Error: Error while encrypting the text provided to safeStorage.encryptString. Encryption is not available.
    at e.$I2b.encrypt (/Applications/Visual Studio Code.app/Contents/Resources/app/out/vs/code/electron-main/main.js:42:11086)
    at Object.call (/Applications/Visual Studio Code.app/Contents/Resources/app/out/vs/code/electron-main/main.js:25:4844)
    at R.s (/Applications/Visual Studio Code.app/Contents/Resources/app/out/vs/code/electron-main/main.js:23:5128)
    at R.q (/Applications/Visual Studio Code.app/Contents/Resources/app/out/vs/code/electron-main/main.js:23:4644)
    at o.value (/Applications/Visual Studio Code.app/Contents/Resources/app/out/vs/code/electron-main/main.js:23:4051)
    at v.w (/Applications/Visual Studio Code.app/Contents/Resources/app/out/vs/code/electron-main/main.js:18:1906)
    at v.x (/Applications/Visual Studio Code.app/Contents/Resources/app/out/vs/code/electron-main/main.js:18:1976)
    at v.fire (/Applications/Visual Studio Code.app/Contents/Resources/app/out/vs/code/electron-main/main.js:18:2192)
    at o.value (/Applications/Visual Studio Code.app/Contents/Resources/app/out/vs/code/electron-main/main.js:16:38645)
    at v.w (/Applications/Visual Studio Code.app/Contents/Resources/app/out/vs/code/electron-main/main.js:18:1906)
    at v.fire (/Applications/Visual Studio Code.app/Contents/Resources/app/out/vs/code/electron-main/main.js:18:2123)
    at o.value (/Applications/Visual Studio Code.app/Contents/Resources/app/out/vs/code/electron-main/main.js:16:38839)
    at v.w (/Applications/Visual Studio Code.app/Contents/Resources/app/out/vs/code/electron-main/main.js:18:1906)
    at v.fire (/Applications/Visual Studio Code.app/Contents/Resources/app/out/vs/code/electron-main/main.js:18:2123)
    at se (/Applications/Visual Studio Code.app/Contents/Resources/app/out/vs/code/electron-main/main.js:16:40982)
    at IpcMainImpl.f (/Applications/Visual Studio Code.app/Contents/Resources/app/out/vs/code/electron-main/main.js:19:96301)
    at IpcMainImpl.emit (node:events:525:35)
    at EventEmitter.<anonymous> (node:electron/js2c/browser_init:2:80979)
    at EventEmitter.emit (node:events:513:28)
2023-07-17 15:10:44.736 [error] Error: Error while encrypting the text provided to safeStorage.encryptString. Encryption is not available.
    at e.$I2b.encrypt (/Applications/Visual Studio Code.app/Contents/Resources/app/out/vs/code/electron-main/main.js:42:11086)
    at Object.call (/Applications/Visual Studio Code.app/Contents/Resources/app/out/vs/code/electron-main/main.js:25:4844)
    at R.s (/Applications/Visual Studio Code.app/Contents/Resources/app/out/vs/code/electron-main/main.js:23:5128)
    at R.q (/Applications/Visual Studio Code.app/Contents/Resources/app/out/vs/code/electron-main/main.js:23:4644)
    at o.value (/Applications/Visual Studio Code.app/Contents/Resources/app/out/vs/code/electron-main/main.js:23:4051)
    at v.w (/Applications/Visual Studio Code.app/Contents/Resources/app/out/vs/code/electron-main/main.js:18:1906)
    at v.x (/Applications/Visual Studio Code.app/Contents/Resources/app/out/vs/code/electron-main/main.js:18:1976)
    at v.fire (/Applications/Visual Studio Code.app/Contents/Resources/app/out/vs/code/electron-main/main.js:18:2192)
    at o.value (/Applications/Visual Studio Code.app/Contents/Resources/app/out/vs/code/electron-main/main.js:16:38645)
    at v.w (/Applications/Visual Studio Code.app/Contents/Resources/app/out/vs/code/electron-main/main.js:18:1906)
    at v.fire (/Applications/Visual Studio Code.app/Contents/Resources/app/out/vs/code/electron-main/main.js:18:2123)
    at o.value (/Applications/Visual Studio Code.app/Contents/Resources/app/out/vs/code/electron-main/main.js:16:38839)
    at v.w (/Applications/Visual Studio Code.app/Contents/Resources/app/out/vs/code/electron-main/main.js:18:1906)
    at v.fire (/Applications/Visual Studio Code.app/Contents/Resources/app/out/vs/code/electron-main/main.js:18:2123)
    at se (/Applications/Visual Studio Code.app/Contents/Resources/app/out/vs/code/electron-main/main.js:16:40982)
    at IpcMainImpl.f (/Applications/Visual Studio Code.app/Contents/Resources/app/out/vs/code/electron-main/main.js:19:96301)
    at IpcMainImpl.emit (node:events:525:35)
    at EventEmitter.<anonymous> (node:electron/js2c/browser_init:2:80979)
    at EventEmitter.emit (node:events:513:28)
2023-07-17 15:11:44.860 [error] Error: XHR failed
    at y.onerror (vscode-file://vscode-app/Applications/Visual%20Studio%20Code.app/Contents/Resources/app/out/vs/workbench/workbench.desktop.main.js:77:1261)
2023-07-17 15:11:44.862 [error] Error: XHR failed
    at y.onerror (vscode-file://vscode-app/Applications/Visual%20Studio%20Code.app/Contents/Resources/app/out/vs/workbench/workbench.desktop.main.js:77:1261)
2023-07-17 15:11:52.152 [error] Error: XHR failed
    at y.onerror (vscode-file://vscode-app/Applications/Visual%20Studio%20Code.app/Contents/Resources/app/out/vs/workbench/workbench.desktop.main.js:77:1261)
2023-07-17 15:11:52.182 [error] Error: XHR failed
    at y.onerror (vscode-file://vscode-app/Applications/Visual%20Studio%20Code.app/Contents/Resources/app/out/vs/workbench/workbench.desktop.main.js:77:1261)
2023-07-17 15:11:58.597 [error] Error: XHR failed
    at y.onerror (vscode-file://vscode-app/Applications/Visual%20Studio%20Code.app/Contents/Resources/app/out/vs/workbench/workbench.desktop.main.js:77:1261)
2023-07-17 15:12:12.283 [error] Error: Error while encrypting the text provided to safeStorage.encryptString. Encryption is not available.
    at e.$I2b.encrypt (/Applications/Visual Studio Code.app/Contents/Resources/app/out/vs/code/electron-main/main.js:42:11086)
    at Object.call (/Applications/Visual Studio Code.app/Contents/Resources/app/out/vs/code/electron-main/main.js:25:4844)
    at R.s (/Applications/Visual Studio Code.app/Contents/Resources/app/out/vs/code/electron-main/main.js:23:5128)
    at R.q (/Applications/Visual Studio Code.app/Contents/Resources/app/out/vs/code/electron-main/main.js:23:4644)
    at o.value (/Applications/Visual Studio Code.app/Contents/Resources/app/out/vs/code/electron-main/main.js:23:4051)
    at v.w (/Applications/Visual Studio Code.app/Contents/Resources/app/out/vs/code/electron-main/main.js:18:1906)
    at v.x (/Applications/Visual Studio Code.app/Contents/Resources/app/out/vs/code/electron-main/main.js:18:1976)
    at v.fire (/Applications/Visual Studio Code.app/Contents/Resources/app/out/vs/code/electron-main/main.js:18:2192)
    at o.value (/Applications/Visual Studio Code.app/Contents/Resources/app/out/vs/code/electron-main/main.js:16:38645)
    at v.w (/Applications/Visual Studio Code.app/Contents/Resources/app/out/vs/code/electron-main/main.js:18:1906)
    at v.fire (/Applications/Visual Studio Code.app/Contents/Resources/app/out/vs/code/electron-main/main.js:18:2123)
    at o.value (/Applications/Visual Studio Code.app/Contents/Resources/app/out/vs/code/electron-main/main.js:16:38839)
    at v.w (/Applications/Visual Studio Code.app/Contents/Resources/app/out/vs/code/electron-main/main.js:18:1906)
    at v.fire (/Applications/Visual Studio Code.app/Contents/Resources/app/out/vs/code/electron-main/main.js:18:2123)
    at se (/Applications/Visual Studio Code.app/Contents/Resources/app/out/vs/code/electron-main/main.js:16:40982)
    at IpcMainImpl.f (/Applications/Visual Studio Code.app/Contents/Resources/app/out/vs/code/electron-main/main.js:19:96301)
    at IpcMainImpl.emit (node:events:525:35)
    at EventEmitter.<anonymous> (node:electron/js2c/browser_init:2:80979)
    at EventEmitter.emit (node:events:513:28)
2023-07-17 15:21:20.717 [info] Creating lazy extension host: contains 1 new extension(s) (installed or enabled): Cloud-pipelines.pipeline-editor-vscode
