2023-07-17 10:05:12.980 [info] Extension host with pid 6292 started
2023-07-17 10:05:12.980 [info] Skipping acquiring lock for /Users/Einpunk Community/Documents/Brownie/brownie_gamex_vault/web3-auth/Library/Application Support/Code/User/workspaceStorage/7de7d1ee2e3c4eab9644f6c27939f13d.
2023-07-17 10:05:13.008 [info] ExtensionService#_doActivateExtension vscode.git-base, startup: true, activationEvent: '*'
2023-07-17 10:05:13.011 [info] ExtensionService#_doActivateExtension vscode.npm, startup: true, activationEvent: 'workspaceContains:package.json'
2023-07-17 10:05:13.216 [info] ExtensionService#_doActivateExtension vscode.github, startup: true, activationEvent: '*'
2023-07-17 10:05:13.336 [info] ExtensionService#_doActivateExtension vscode.github-authentication, startup: false, activationEvent: 'onAuthenticationRequest:github'
2023-07-17 10:05:13.440 [info] Eager extensions activated
2023-07-17 10:05:13.444 [info] ExtensionService#_doActivateExtension vscode.debug-auto-launch, startup: false, activationEvent: 'onStartupFinished'
2023-07-17 10:05:13.446 [info] ExtensionService#_doActivateExtension vscode.merge-conflict, startup: false, activationEvent: 'onStartupFinished'
2023-07-17 10:05:19.171 [info] ExtensionService#_doActivateExtension vscode.microsoft-authentication, startup: false, activationEvent: 'onAuthenticationRequest:microsoft'
2023-07-17 10:05:26.970 [info] ExtensionService#_doActivateExtension vscode.git, startup: false, activationEvent: 'api', root cause: vscode.github
2023-07-17 10:05:27.821 [warning] [Decorations] CAPPING events from decorations provider vscode.git 1940
2023-07-17 10:05:28.235 [warning] [Decorations] CAPPING events from decorations provider vscode.git 1940
2023-07-17 10:05:31.894 [info] ExtensionService#_doActivateExtension vscode.emmet, startup: false, activationEvent: 'onLanguage'
2023-07-17 10:08:27.222 [info] ExtensionService#_doActivateExtension vscode.html-language-features, startup: false, activationEvent: 'onLanguage:html'
2023-07-17 10:17:09.446 [warning] [Decorations] CAPPING events from decorations provider vscode.git 3397
2023-07-17 10:17:15.102 [warning] [Decorations] CAPPING events from decorations provider vscode.git 3397
2023-07-17 10:17:20.954 [warning] [Decorations] CAPPING events from decorations provider vscode.git 3398
2023-07-17 10:17:43.943 [warning] [Decorations] CAPPING events from decorations provider vscode.git 3398
2023-07-17 10:17:51.336 [warning] [Decorations] CAPPING events from decorations provider vscode.git 3399
2023-07-17 10:17:57.124 [warning] [Decorations] CAPPING events from decorations provider vscode.git 3398
2023-07-17 10:18:10.608 [warning] [Decorations] CAPPING events from decorations provider vscode.git 3398
2023-07-17 10:18:21.827 [warning] [Decorations] CAPPING events from decorations provider vscode.git 3402
2023-07-17 10:18:35.209 [info] ExtensionService#_doActivateExtension vscode.extension-editing, startup: false, activationEvent: 'onLanguage:json'
2023-07-17 10:18:35.240 [info] ExtensionService#_doActivateExtension vscode.json-language-features, startup: false, activationEvent: 'onLanguage:json'
2023-07-17 10:18:35.598 [info] ExtensionService#_doActivateExtension vscode.typescript-language-features, startup: false, activationEvent: 'onLanguage:jsonc'
2023-07-17 10:18:37.443 [warning] [Decorations] CAPPING events from decorations provider vscode.git 3403
2023-07-17 10:18:43.435 [warning] [Decorations] CAPPING events from decorations provider vscode.git 3404
2023-07-17 10:18:49.202 [warning] [Decorations] CAPPING events from decorations provider vscode.git 3405
2023-07-17 10:18:55.381 [warning] [Decorations] CAPPING events from decorations provider vscode.git 3405
2023-07-17 10:19:11.173 [warning] [Decorations] CAPPING events from decorations provider vscode.git 3405
2023-07-17 10:19:42.355 [warning] [Decorations] CAPPING events from decorations provider vscode.git 3405
2023-07-17 10:19:50.267 [warning] [Decorations] CAPPING events from decorations provider vscode.git 3405
2023-07-17 10:19:56.070 [warning] [Decorations] CAPPING events from decorations provider vscode.git 3405
2023-07-17 10:20:02.357 [warning] [Decorations] CAPPING events from decorations provider vscode.git 3405
2023-07-17 10:20:10.681 [warning] [Decorations] CAPPING events from decorations provider vscode.git 3405
2023-07-17 10:20:23.668 [warning] [Decorations] CAPPING events from decorations provider vscode.git 3405
2023-07-17 10:35:39.363 [warning] [Decorations] CAPPING events from decorations provider vscode.git 3407
2023-07-17 10:35:45.142 [warning] [Decorations] CAPPING events from decorations provider vscode.git 3407
2023-07-17 10:35:50.925 [warning] [Decorations] CAPPING events from decorations provider vscode.git 3407
2023-07-17 10:36:18.620 [warning] [Decorations] CAPPING events from decorations provider vscode.git 3407
2023-07-17 10:36:24.395 [warning] [Decorations] CAPPING events from decorations provider vscode.git 3398
2023-07-17 10:36:30.171 [warning] [Decorations] CAPPING events from decorations provider vscode.git 3399
2023-07-17 10:36:35.899 [warning] [Decorations] CAPPING events from decorations provider vscode.git 3399
2023-07-17 10:36:41.675 [warning] [Decorations] CAPPING events from decorations provider vscode.git 3399
2023-07-17 10:37:09.599 [warning] [Decorations] CAPPING events from decorations provider vscode.git 3399
2023-07-17 10:37:19.200 [warning] [Decorations] CAPPING events from decorations provider vscode.git 3399
2023-07-17 10:37:24.994 [warning] [Decorations] CAPPING events from decorations provider vscode.git 3400
2023-07-17 10:37:30.761 [warning] [Decorations] CAPPING events from decorations provider vscode.git 3400
2023-07-17 10:37:40.688 [warning] [Decorations] CAPPING events from decorations provider vscode.git 3400
2023-07-17 10:37:46.483 [warning] [Decorations] CAPPING events from decorations provider vscode.git 3400
2023-07-17 10:37:52.238 [warning] [Decorations] CAPPING events from decorations provider vscode.git 3398
2023-07-17 10:38:27.405 [warning] [Decorations] CAPPING events from decorations provider vscode.git 3398
2023-07-17 10:38:39.633 [warning] [Decorations] CAPPING events from decorations provider vscode.git 3399
2023-07-17 10:47:49.199 [warning] [Decorations] CAPPING events from decorations provider vscode.git 3399
2023-07-17 10:47:54.976 [warning] [Decorations] CAPPING events from decorations provider vscode.git 3399
2023-07-17 10:48:09.891 [warning] [Decorations] CAPPING events from decorations provider vscode.git 3399
2023-07-17 11:28:50.260 [warning] [Decorations] CAPPING events from decorations provider vscode.git 1940
2023-07-17 11:31:19.742 [warning] [Decorations] CAPPING events from decorations provider vscode.git 1940
