2023-07-17 14:18:06.048 [info] Log level: Info
2023-07-17 14:18:06.048 [info] Validating found git in: "/usr/bin/git"
2023-07-17 14:18:06.119 [info] Using git "2.39.2 (Apple Git-143)" from "/usr/bin/git"
2023-07-17 14:18:06.189 [info] > git rev-parse --show-toplevel [63ms]
2023-07-17 14:18:06.211 [info] > git rev-parse --git-dir --git-common-dir [19ms]
2023-07-17 14:18:06.221 [info] Open repository: /Users/Einpunk Community/Documents/Brownie/brownie_gamex_vault/web3-auth/homepage
2023-07-17 14:18:06.247 [info] > git config --get commit.template [20ms]
2023-07-17 14:18:06.247 [info] > git rev-parse --show-toplevel [24ms]
2023-07-17 14:18:06.277 [info] > git for-each-ref --format=%(refname)%00%(upstream:short)%00%(objectname)%00%(upstream:track)%00%(upstream:remotename)%00%(upstream:remoteref) --ignore-case refs/heads/main refs/remotes/main [47ms]
2023-07-17 14:18:06.284 [info] > git rev-parse --show-toplevel [33ms]
2023-07-17 14:18:06.336 [info] > git rev-parse --show-toplevel [49ms]
2023-07-17 14:18:06.383 [info] > git rev-parse --show-toplevel [44ms]
2023-07-17 14:18:06.405 [info] > git rev-parse --show-toplevel [15ms]
2023-07-17 14:18:06.428 [info] > git rev-parse --show-toplevel [21ms]
2023-07-17 14:18:06.460 [info] > git rev-parse --show-toplevel [29ms]
2023-07-17 14:18:06.538 [info] > git rev-parse --show-toplevel [75ms]
2023-07-17 14:18:06.558 [info] > git rev-parse --show-toplevel [19ms]
2023-07-17 14:18:06.621 [info] > git rev-parse --show-toplevel [62ms]
2023-07-17 14:18:06.649 [info] > git status -z -uall [368ms]
2023-07-17 14:18:06.657 [info] > git rev-parse --show-toplevel [24ms]
2023-07-17 14:18:06.674 [info] > git config --get commit.template [17ms]
2023-07-17 14:18:06.675 [info] > git rev-parse --show-toplevel [18ms]
2023-07-17 14:18:06.676 [info] > git for-each-ref --format=%(refname)%00%(upstream:short)%00%(objectname)%00%(upstream:track)%00%(upstream:remotename)%00%(upstream:remoteref) --ignore-case refs/heads/main refs/remotes/main [18ms]
2023-07-17 14:18:06.700 [info] > git rev-parse --show-toplevel [24ms]
2023-07-17 14:18:06.749 [info] > git rev-parse --show-toplevel [47ms]
2023-07-17 14:18:06.765 [info] > git rev-parse --show-toplevel [16ms]
2023-07-17 14:18:06.785 [info] > git rev-parse --show-toplevel [19ms]
2023-07-17 14:18:06.809 [info] > git rev-parse --show-toplevel [21ms]
2023-07-17 14:18:06.825 [info] > git rev-parse --show-toplevel [15ms]
2023-07-17 14:18:06.844 [info] > git rev-parse --show-toplevel [18ms]
2023-07-17 14:18:06.861 [info] > git rev-parse --show-toplevel [16ms]
2023-07-17 14:18:06.878 [info] > git rev-parse --show-toplevel [16ms]
2023-07-17 14:18:06.900 [info] > git rev-parse --show-toplevel [21ms]
2023-07-17 14:18:06.918 [info] > git rev-parse --show-toplevel [16ms]
2023-07-17 14:18:06.932 [info] > git status -z -uall [254ms]
2023-07-17 14:18:06.936 [info] > git rev-parse --show-toplevel [17ms]
2023-07-17 14:18:06.953 [info] > git rev-parse --show-toplevel [16ms]
2023-07-17 14:18:07.116 [info] > git check-ignore -v -z --stdin [41ms]
2023-07-17 14:18:11.091 [info] > git show --textconv :index.html [49ms]
2023-07-17 14:18:11.092 [info] > git ls-files --stage -- /Users/Einpunk Community/Documents/Brownie/brownie_gamex_vault/web3-auth/homepage/index.html [37ms]
2023-07-17 14:18:11.113 [info] > git cat-file -s 9167eb03938e4b789de6d8a548c8408cdf3f3664 [20ms]
2023-07-17 14:18:59.359 [info] > git config --get commit.template [27ms]
2023-07-17 14:18:59.364 [info] > git for-each-ref --format=%(refname)%00%(upstream:short)%00%(objectname)%00%(upstream:track)%00%(upstream:remotename)%00%(upstream:remoteref) --ignore-case refs/heads/main refs/remotes/main [29ms]
2023-07-17 14:18:59.754 [info] > git status -z -uall [387ms]
2023-07-17 14:55:16.090 [info] > git config --get commit.template [25ms]
2023-07-17 14:55:16.093 [info] > git for-each-ref --format=%(refname)%00%(upstream:short)%00%(objectname)%00%(upstream:track)%00%(upstream:remotename)%00%(upstream:remoteref) --ignore-case refs/heads/main refs/remotes/main [25ms]
2023-07-17 14:55:16.382 [info] > git status -z -uall [287ms]
2023-07-17 14:55:21.970 [info] > git ls-files --stage -- /Users/Einpunk Community/Documents/Brownie/brownie_gamex_vault/web3-auth/homepage/single-blog.html [47ms]
2023-07-17 14:55:21.973 [info] > git show --textconv :single-blog.html [53ms]
2023-07-17 14:55:22.013 [info] > git cat-file -s 97525c31a1c15485bcdb2ed29e9ca54e7ecebddf [41ms]
2023-07-17 14:55:34.706 [info] > git config --get commit.template [28ms]
2023-07-17 14:55:34.712 [info] > git for-each-ref --format=%(refname)%00%(upstream:short)%00%(objectname)%00%(upstream:track)%00%(upstream:remotename)%00%(upstream:remoteref) --ignore-case refs/heads/main refs/remotes/main [31ms]
2023-07-17 14:55:35.215 [info] > git status -z -uall [502ms]
2023-07-17 14:55:40.260 [info] > git config --get commit.template [34ms]
2023-07-17 14:55:40.266 [info] > git for-each-ref --format=%(refname)%00%(upstream:short)%00%(objectname)%00%(upstream:track)%00%(upstream:remotename)%00%(upstream:remoteref) --ignore-case refs/heads/main refs/remotes/main [37ms]
2023-07-17 14:55:40.717 [info] > git status -z -uall [447ms]
2023-07-17 14:55:45.295 [info] > git ls-files --stage -- /Users/Einpunk Community/Documents/Brownie/brownie_gamex_vault/web3-auth/homepage/index.html [34ms]
2023-07-17 14:55:45.296 [info] > git ls-files --stage -- /Users/Einpunk Community/Documents/Brownie/brownie_gamex_vault/web3-auth/homepage/single-blog.html [33ms]
2023-07-17 14:55:45.334 [info] > git cat-file -s 0aa40aacab68e2b8a588ef2be25c3883f05eda6b [38ms]
2023-07-17 14:55:45.339 [info] > git cat-file -s c4e960dff636786b434b80a6b0525ba6fb62386f [42ms]
2023-07-17 14:55:45.378 [info] > git show --textconv :index.html [28ms]
2023-07-17 14:55:45.379 [info] > git show --textconv :single-blog.html [26ms]
2023-07-17 14:55:45.765 [info] > git config --get commit.template [34ms]
2023-07-17 14:55:45.769 [info] > git for-each-ref --format=%(refname)%00%(upstream:short)%00%(objectname)%00%(upstream:track)%00%(upstream:remotename)%00%(upstream:remoteref) --ignore-case refs/heads/main refs/remotes/main [36ms]
2023-07-17 14:55:46.025 [info] > git status -z -uall [255ms]
2023-07-17 14:55:51.631 [info] > git check-ignore -v -z --stdin [38ms]
2023-07-17 14:55:54.293 [info] > git ls-files --stage -- /Users/Einpunk Community/Documents/Brownie/brownie_gamex_vault/web3-auth/homepage/.profile [29ms]
2023-07-17 14:55:54.294 [info] > git show --textconv :.profile [33ms]
2023-07-17 14:55:54.328 [info] > git cat-file -s cc4c8d38f666413b3beb7af697957e60e6d0fff2 [34ms]
2023-07-17 14:55:56.221 [info] > git show --textconv :.bash_profile [31ms]
2023-07-17 14:55:56.221 [info] > git ls-files --stage -- /Users/Einpunk Community/Documents/Brownie/brownie_gamex_vault/web3-auth/homepage/.bash_profile [29ms]
2023-07-17 14:55:56.264 [info] > git cat-file -s 26d900144b56cdce05e25fce0775255759e656ec [42ms]
2023-07-17 14:55:56.743 [info] > git show --textconv :.bashrc [37ms]
2023-07-17 14:55:56.743 [info] > git ls-files --stage -- /Users/Einpunk Community/Documents/Brownie/brownie_gamex_vault/web3-auth/homepage/.bashrc [35ms]
2023-07-17 14:55:56.787 [info] > git cat-file -s 9ac415adf4d65d573c4c3c1c9b70c545db50fe25 [43ms]
2023-07-17 14:56:40.780 [info] > git config --get commit.template [45ms]
2023-07-17 14:56:40.790 [info] > git for-each-ref --format=%(refname)%00%(upstream:short)%00%(objectname)%00%(upstream:track)%00%(upstream:remotename)%00%(upstream:remoteref) --ignore-case refs/heads/main refs/remotes/main [52ms]
2023-07-17 14:56:41.324 [info] > git status -z -uall [532ms]
2023-07-17 14:56:58.951 [info] > git config --get commit.template [43ms]
2023-07-17 14:56:58.958 [info] > git for-each-ref --format=%(refname)%00%(upstream:short)%00%(objectname)%00%(upstream:track)%00%(upstream:remotename)%00%(upstream:remoteref) --ignore-case refs/heads/main refs/remotes/main [43ms]
2023-07-17 14:56:59.263 [info] > git status -z -uall [304ms]
2023-07-17 14:57:19.159 [info] > git config --get commit.template [25ms]
2023-07-17 14:57:19.161 [info] > git for-each-ref --format=%(refname)%00%(upstream:short)%00%(objectname)%00%(upstream:track)%00%(upstream:remotename)%00%(upstream:remoteref) --ignore-case refs/heads/main refs/remotes/main [24ms]
2023-07-17 14:57:19.447 [info] > git status -z -uall [285ms]
2023-07-17 14:57:24.487 [info] > git config --get commit.template [33ms]
2023-07-17 14:57:24.489 [info] > git for-each-ref --format=%(refname)%00%(upstream:short)%00%(objectname)%00%(upstream:track)%00%(upstream:remotename)%00%(upstream:remoteref) --ignore-case refs/heads/main refs/remotes/main [33ms]
2023-07-17 14:57:24.746 [info] > git status -z -uall [255ms]
2023-07-17 14:57:29.803 [info] > git config --get commit.template [44ms]
2023-07-17 14:57:29.809 [info] > git for-each-ref --format=%(refname)%00%(upstream:short)%00%(objectname)%00%(upstream:track)%00%(upstream:remotename)%00%(upstream:remoteref) --ignore-case refs/heads/main refs/remotes/main [43ms]
2023-07-17 14:57:30.075 [info] > git status -z -uall [265ms]
2023-07-17 14:59:06.633 [info] > git show --textconv :package.json [79ms]
2023-07-17 14:59:06.646 [info] > git ls-files --stage -- /Users/Einpunk Community/Documents/Brownie/brownie_gamex_vault/web3-auth/homepage/package.json [69ms]
2023-07-17 14:59:06.710 [info] > git cat-file -s 27f63c20bcaf58fea8a06d5380848b9d41dcc371 [62ms]
2023-07-17 14:59:15.133 [info] > git config --get commit.template [49ms]
2023-07-17 14:59:15.150 [info] > git for-each-ref --format=%(refname)%00%(upstream:short)%00%(objectname)%00%(upstream:track)%00%(upstream:remotename)%00%(upstream:remoteref) --ignore-case refs/heads/main refs/remotes/main [63ms]
2023-07-17 14:59:15.582 [info] > git status -z -uall [429ms]
2023-07-17 14:59:25.476 [info] > git config --get commit.template [37ms]
2023-07-17 14:59:25.489 [info] > git for-each-ref --format=%(refname)%00%(upstream:short)%00%(objectname)%00%(upstream:track)%00%(upstream:remotename)%00%(upstream:remoteref) --ignore-case refs/heads/main refs/remotes/main [48ms]
2023-07-17 14:59:26.048 [info] > git status -z -uall [553ms]
2023-07-17 14:59:39.476 [info] > git config --get commit.template [52ms]
2023-07-17 14:59:39.484 [info] > git for-each-ref --format=%(refname)%00%(upstream:short)%00%(objectname)%00%(upstream:track)%00%(upstream:remotename)%00%(upstream:remoteref) --ignore-case refs/heads/main refs/remotes/main [53ms]
2023-07-17 14:59:40.007 [info] > git status -z -uall [522ms]
2023-07-17 14:59:45.718 [info] > git show --textconv :propelauthtest [54ms]
2023-07-17 14:59:45.718 [info] > git ls-files --stage -- /Users/Einpunk Community/Documents/Brownie/brownie_gamex_vault/web3-auth/homepage/propelauthtest [54ms]
2023-07-17 14:59:45.763 [info] > git cat-file -s 00318363d6310c099548b9f2c03ec5f40474dfc0 [43ms]
2023-07-17 14:59:49.130 [info] > git ls-files --stage -- /Users/Einpunk Community/Documents/Brownie/brownie_gamex_vault/web3-auth/homepage/blog.html [54ms]
2023-07-17 14:59:49.132 [info] > git show --textconv :blog.html [60ms]
2023-07-17 14:59:49.213 [info] > git cat-file -s a4960297de1c081319ecb3cb569a61c08084af12 [81ms]
2023-07-17 15:00:10.769 [info] > git config --get commit.template [95ms]
2023-07-17 15:00:10.800 [info] > git for-each-ref --format=%(refname)%00%(upstream:short)%00%(objectname)%00%(upstream:track)%00%(upstream:remotename)%00%(upstream:remoteref) --ignore-case refs/heads/main refs/remotes/main [122ms]
2023-07-17 15:00:11.464 [info] > git status -z -uall [658ms]
2023-07-17 15:00:34.025 [info] > git config --get commit.template [51ms]
2023-07-17 15:00:34.031 [info] > git for-each-ref --format=%(refname)%00%(upstream:short)%00%(objectname)%00%(upstream:track)%00%(upstream:remotename)%00%(upstream:remoteref) --ignore-case refs/heads/main refs/remotes/main [53ms]
2023-07-17 15:00:34.977 [info] > git status -z -uall [943ms]
2023-07-17 15:00:40.322 [info] > git config --get commit.template [51ms]
2023-07-17 15:00:40.326 [info] > git for-each-ref --format=%(refname)%00%(upstream:short)%00%(objectname)%00%(upstream:track)%00%(upstream:remotename)%00%(upstream:remoteref) --ignore-case refs/heads/main refs/remotes/main [52ms]
2023-07-17 15:00:40.997 [info] > git status -z -uall [670ms]
2023-07-17 15:01:04.950 [info] > git config --get commit.template [62ms]
2023-07-17 15:01:04.965 [info] > git for-each-ref --format=%(refname)%00%(upstream:short)%00%(objectname)%00%(upstream:track)%00%(upstream:remotename)%00%(upstream:remoteref) --ignore-case refs/heads/main refs/remotes/main [74ms]
2023-07-17 15:01:05.656 [info] > git status -z -uall [684ms]
2023-07-17 15:01:15.418 [info] > git config --get commit.template [71ms]
2023-07-17 15:01:15.440 [info] > git for-each-ref --format=%(refname)%00%(upstream:short)%00%(objectname)%00%(upstream:track)%00%(upstream:remotename)%00%(upstream:remoteref) --ignore-case refs/heads/main refs/remotes/main [71ms]
2023-07-17 15:01:16.030 [info] > git status -z -uall [589ms]
2023-07-17 15:01:53.836 [info] > git config --get commit.template [51ms]
2023-07-17 15:01:53.842 [info] > git for-each-ref --format=%(refname)%00%(upstream:short)%00%(objectname)%00%(upstream:track)%00%(upstream:remotename)%00%(upstream:remoteref) --ignore-case refs/heads/main refs/remotes/main [50ms]
2023-07-17 15:01:54.395 [info] > git status -z -uall [551ms]
2023-07-17 15:02:11.289 [info] > git config --get commit.template [43ms]
2023-07-17 15:02:11.295 [info] > git for-each-ref --format=%(refname)%00%(upstream:short)%00%(objectname)%00%(upstream:track)%00%(upstream:remotename)%00%(upstream:remoteref) --ignore-case refs/heads/main refs/remotes/main [46ms]
2023-07-17 15:02:11.656 [info] > git status -z -uall [360ms]
2023-07-17 15:02:23.702 [info] > git config --get commit.template [41ms]
2023-07-17 15:02:23.708 [info] > git for-each-ref --format=%(refname)%00%(upstream:short)%00%(objectname)%00%(upstream:track)%00%(upstream:remotename)%00%(upstream:remoteref) --ignore-case refs/heads/main refs/remotes/main [46ms]
2023-07-17 15:02:24.010 [info] > git status -z -uall [301ms]
2023-07-17 15:02:29.156 [info] > git ls-files --stage -- /Users/Einpunk Community/Documents/Brownie/brownie_gamex_vault/web3-auth/homepage/about.html [38ms]
2023-07-17 15:02:29.163 [info] > git show --textconv :about.html [46ms]
2023-07-17 15:02:29.189 [info] > git cat-file -s 94862ef628b048c6255443fee04773ab3585865c [30ms]
2023-07-17 15:10:19.984 [info] > git config --get commit.template [42ms]
2023-07-17 15:10:19.991 [info] > git for-each-ref --format=%(refname)%00%(upstream:short)%00%(objectname)%00%(upstream:track)%00%(upstream:remotename)%00%(upstream:remoteref) --ignore-case refs/heads/main refs/remotes/main [42ms]
2023-07-17 15:10:20.117 [info] > git ls-files --stage -- /Users/Einpunk Community/Documents/Brownie/brownie_gamex_vault/web3-auth/homepage/single-blog.html [84ms]
2023-07-17 15:10:20.155 [info] > git ls-files --stage -- /Users/Einpunk Community/Documents/Brownie/brownie_gamex_vault/web3-auth/homepage/index.html [125ms]
2023-07-17 15:10:20.172 [info] > git ls-files --stage -- /Users/Einpunk Community/Documents/Brownie/brownie_gamex_vault/web3-auth/homepage/about.html [56ms]
2023-07-17 15:10:20.179 [info] > git ls-files --stage -- /Users/Einpunk Community/Documents/Brownie/brownie_gamex_vault/web3-auth/homepage/blog.html [78ms]
2023-07-17 15:10:20.186 [info] > git ls-files --stage -- /Users/Einpunk Community/Documents/Brownie/brownie_gamex_vault/web3-auth/homepage/package.json [91ms]
2023-07-17 15:10:20.199 [info] > git ls-files --stage -- /Users/Einpunk Community/Documents/Brownie/brownie_gamex_vault/web3-auth/homepage/.bashrc [112ms]
2023-07-17 15:10:20.206 [info] > git cat-file -s 0aa40aacab68e2b8a588ef2be25c3883f05eda6b [41ms]
2023-07-17 15:10:20.216 [info] > git cat-file -s c4e960dff636786b434b80a6b0525ba6fb62386f [61ms]
2023-07-17 15:10:20.219 [info] > git cat-file -s 94862ef628b048c6255443fee04773ab3585865c [40ms]
2023-07-17 15:10:20.229 [info] > git cat-file -s a4960297de1c081319ecb3cb569a61c08084af12 [44ms]
2023-07-17 15:10:20.236 [info] > git cat-file -s 27f63c20bcaf58fea8a06d5380848b9d41dcc371 [38ms]
2023-07-17 15:10:20.240 [info] > git cat-file -s 9ac415adf4d65d573c4c3c1c9b70c545db50fe25 [36ms]
2023-07-17 15:10:20.349 [info] > git show --textconv :index.html [64ms]
2023-07-17 15:10:20.349 [info] > git show --textconv :single-blog.html [61ms]
2023-07-17 15:10:20.352 [info] > git show --textconv :about.html [52ms]
2023-07-17 15:10:20.361 [info] > git show --textconv :blog.html [57ms]
2023-07-17 15:10:20.372 [info] > git show --textconv :package.json [44ms]
2023-07-17 15:10:20.387 [info] > git show --textconv :.bashrc [50ms]
2023-07-17 15:10:20.584 [info] > git status -z -uall [591ms]
