2023-07-17 10:05:13.379 [info] Reading sessions from keychain...
2023-07-17 10:05:13.380 [info] Getting sessions for all scopes...
2023-07-17 10:05:13.381 [info] Getting sessions for user:email...
2023-07-17 10:05:13.541 [info] Getting sessions for all scopes...
2023-07-17 10:05:19.140 [info] Got 0 sessions for ...
2023-07-17 10:05:19.140 [info] Got 0 sessions for user:email...
2023-07-17 10:05:19.140 [info] Got 0 sessions for ...
2023-07-17 10:05:19.490 [info] Getting sessions for all scopes...
2023-07-17 10:05:19.490 [info] Got 0 sessions for ...
2023-07-17 10:48:19.448 [info] Getting sessions for read:user,repo,user:email,workflow...
2023-07-17 10:48:19.450 [info] Got 0 sessions for read:user,repo,user:email,workflow...
2023-07-17 10:48:21.120 [info] Logging in for the following scopes: read:user repo user:email workflow
2023-07-17 10:48:21.127 [info] Trying without local server... (read:user repo user:email workflow)
2023-07-17 10:53:21.176 [error] Timed out
2023-07-17 10:55:48.293 [info] Trying with local server... (read:user repo user:email workflow)
2023-07-17 10:56:48.043 [info] Exchanging code for token...
2023-07-17 10:56:49.981 [info] Token exchange success!
2023-07-17 10:56:49.983 [info] Getting user info...
2023-07-17 10:58:04.987 [error] request to https://api.github.com/user failed, reason: connect ETIMEDOUT 140.82.121.6:443
2023-07-17 10:58:04.989 [error] Error: network error
	at t.GitHubServer.getUserInfo (/Applications/Visual Studio Code.app/Contents/Resources/app/extensions/github-authentication/dist/extension.js:2:600466)
	at process.processTicksAndRejections (node:internal/process/task_queues:96:5)
	at async t.GitHubAuthenticationProvider.o (/Applications/Visual Studio Code.app/Contents/Resources/app/extensions/github-authentication/dist/extension.js:2:590808)
	at async t.GitHubAuthenticationProvider.createSession (/Applications/Visual Studio Code.app/Contents/Resources/app/extensions/github-authentication/dist/extension.js:2:590291)
2023-07-17 10:58:41.068 [info] Getting sessions for read:user,repo,user:email,workflow...
2023-07-17 10:58:41.068 [info] Got 0 sessions for read:user,repo,user:email,workflow...
2023-07-17 10:58:42.814 [info] Logging in for the following scopes: read:user repo user:email workflow
2023-07-17 10:58:42.815 [info] Trying without local server... (read:user repo user:email workflow)
2023-07-17 11:00:38.697 [error] User Cancelled
2023-07-17 11:00:49.974 [info] Getting sessions for read:user,repo,user:email,workflow...
2023-07-17 11:00:49.974 [info] Got 0 sessions for read:user,repo,user:email,workflow...
2023-07-17 11:00:53.265 [info] Logging in for the following scopes: read:user repo user:email workflow
2023-07-17 11:00:53.267 [info] Trying without local server... (read:user repo user:email workflow)
2023-07-17 11:05:53.600 [error] Timed out
2023-07-17 11:28:51.182 [info] Trying with local server... (read:user repo user:email workflow)
2023-07-17 11:30:34.865 [info] Exchanging code for token...
2023-07-17 11:30:43.740 [info] Token exchange success!
2023-07-17 11:30:43.742 [info] Getting user info...
2023-07-17 11:31:02.229 [info] Got account info!
2023-07-17 11:31:02.233 [info] Storing 1 sessions...
2023-07-17 11:31:02.283 [error] Setting token failed: Error: Error while encrypting the text provided to safeStorage.encryptString. Encryption is not available.
2023-07-17 11:31:02.283 [info] Stored 1 sessions!
2023-07-17 11:31:02.283 [info] Login success!
2023-07-17 11:31:02.284 [info] Getting sessions for user:email...
2023-07-17 11:31:02.285 [info] Got 0 sessions for user:email...
